2024-04-02 09:28:35.932 [main] INFO  com.pushpm.DbFile  Starting DbFile on DXITw10 with PID 14244 (E:\Idea\IDEA_Project\pushpm-dbfiles-services\target\classes started by LuoW in E:\Idea\IDEA_Project\pushpm-dbfiles-services)
2024-04-02 09:28:35.971 [main] INFO  com.pushpm.DbFile  No active profile set, falling back to default profiles: default
2024-04-02 09:28:40.677 [main] INFO  org.springframework.boot.web.embedded.tomcat.TomcatWebServer  Tomcat initialized with port(s): 8080 (http)
2024-04-02 09:28:40.695 [main] INFO  org.apache.coyote.http11.Http11NioProtocol  Initializing ProtocolHandler ["http-nio-8080"]
2024-04-02 09:28:40.710 [main] INFO  org.apache.catalina.core.StandardService  Starting service [Tomcat]
2024-04-02 09:28:40.711 [main] INFO  org.apache.catalina.core.StandardEngine  Starting Servlet engine: [Apache Tomcat/9.0.38]
2024-04-02 09:28:41.127 [main] INFO  org.apache.catalina.core.ContainerBase.[Tomcat].[localhost].[/]  Initializing Spring embedded WebApplicationContext
2024-04-02 09:28:41.127 [main] INFO  org.springframework.boot.web.servlet.context.ServletWebServerApplicationContext  Root WebApplicationContext: initialization completed in 4950 ms
2024-04-02 09:28:42.358 [main] INFO  org.springframework.scheduling.concurrent.ThreadPoolTaskExecutor  Initializing ExecutorService 'taskExecutor'
2024-04-02 09:28:42.980 [main] INFO  org.springframework.boot.autoconfigure.web.servlet.WelcomePageHandlerMapping  Adding welcome page template: index
2024-04-02 09:28:43.322 [main] INFO  org.apache.coyote.http11.Http11NioProtocol  Starting ProtocolHandler ["http-nio-8080"]
2024-04-02 09:28:43.356 [main] INFO  org.springframework.boot.web.embedded.tomcat.TomcatWebServer  Tomcat started on port(s): 8080 (http) with context path ''
2024-04-02 09:28:43.389 [main] INFO  com.pushpm.DbFile  Started DbFile in 8.793 seconds (JVM running for 11.728)
2024-04-02 09:30:58.509 [http-nio-8080-exec-1] INFO  org.apache.catalina.core.ContainerBase.[Tomcat].[localhost].[/]  Initializing Spring DispatcherServlet 'dispatcherServlet'
2024-04-02 09:30:58.510 [http-nio-8080-exec-1] INFO  org.springframework.web.servlet.DispatcherServlet  Initializing Servlet 'dispatcherServlet'
2024-04-02 09:30:58.540 [http-nio-8080-exec-1] INFO  org.springframework.web.servlet.DispatcherServlet  Completed initialization in 30 ms
2024-04-02 09:30:59.035 [http-nio-8080-exec-4] INFO  com.pushpm.controller.PushPmMessageController  5;1
2024-04-02 09:30:59.036 [http-nio-8080-exec-4] INFO  com.pushpm.controller.PushPmMessageController  ;
2024-04-02 09:31:00.498 [http-nio-8080-exec-4] INFO  com.pushpm.controller.PushPmMessageController  加密后的字符串:ENUY8JPy4S/cVFuHP+ueQQ==
2024-04-02 09:31:00.498 [http-nio-8080-exec-4] INFO  com.pushpm.controller.PushPmMessageController  TlCorpRecvMsgEnity{tableName='null', did='', msgPort='null', mobile='ENUY8JPy4S/cVFuHP+ueQQ==', msgContent='null', tplId='null', startTime='', endTime='', other='null'}
2024-04-02 09:31:01.013 [http-nio-8080-exec-4] INFO  com.alibaba.druid.pool.DruidDataSource  {dataSource-1} inited
2024-04-02 09:31:01.661 [http-nio-8080-exec-4] INFO  com.pushpm.controller.PushPmMessageController  获取到的数据:0
2024-04-02 09:31:09.661 [http-nio-8080-exec-7] INFO  com.pushpm.controller.PushPmMessageController  5;1
2024-04-02 09:31:09.663 [http-nio-8080-exec-7] INFO  com.pushpm.controller.PushPmMessageController  15881677315;
2024-04-02 09:31:09.664 [http-nio-8080-exec-7] INFO  com.pushpm.controller.PushPmMessageController  加密后的字符串:JXyoPIYeAinXaGLt5qMI7Q==
2024-04-02 09:31:09.665 [http-nio-8080-exec-7] INFO  com.pushpm.controller.PushPmMessageController  TlCorpRecvMsgEnity{tableName='null', did='', msgPort='null', mobile='JXyoPIYeAinXaGLt5qMI7Q==', msgContent='null', tplId='null', startTime='', endTime='', other='null'}
2024-04-02 09:31:09.681 [http-nio-8080-exec-7] INFO  com.pushpm.controller.PushPmMessageController  获取到的数据:5
2024-04-02 09:31:31.853 [http-nio-8080-exec-6] INFO  com.pushpm.controller.PushPmMessageController  5;1
2024-04-02 09:31:31.854 [http-nio-8080-exec-6] INFO  com.pushpm.controller.PushPmMessageController  ;
2024-04-02 09:31:31.855 [http-nio-8080-exec-6] INFO  com.pushpm.controller.PushPmMessageController  加密后的字符串:ENUY8JPy4S/cVFuHP+ueQQ==
2024-04-02 09:31:31.855 [http-nio-8080-exec-6] INFO  com.pushpm.controller.PushPmMessageController  TlCorpRecvMsgEnity{tableName='null', did='', msgPort='null', mobile='ENUY8JPy4S/cVFuHP+ueQQ==', msgContent='null', tplId='null', startTime='', endTime='', other='null'}
2024-04-02 09:31:31.872 [http-nio-8080-exec-6] INFO  com.pushpm.controller.PushPmMessageController  获取到的数据:0
2024-04-02 09:31:50.748 [http-nio-8080-exec-10] INFO  com.pushpm.controller.PushPmMessageController  5;1
2024-04-02 09:31:50.749 [http-nio-8080-exec-10] INFO  com.pushpm.controller.PushPmMessageController  ;
2024-04-02 09:31:50.749 [http-nio-8080-exec-10] INFO  com.pushpm.controller.PushPmMessageController  加密后的字符串:ENUY8JPy4S/cVFuHP+ueQQ==
2024-04-02 09:31:50.749 [http-nio-8080-exec-10] INFO  com.pushpm.controller.PushPmMessageController  TlCorpRecvMsgEnity{tableName='null', did='', msgPort='null', mobile='ENUY8JPy4S/cVFuHP+ueQQ==', msgContent='null', tplId='null', startTime='', endTime='', other='null'}
2024-04-02 09:31:50.766 [http-nio-8080-exec-10] INFO  com.pushpm.controller.PushPmMessageController  获取到的数据:0
2024-04-02 09:32:23.493 [http-nio-8080-exec-4] INFO  com.pushpm.controller.PushPmMessageController  5;1
2024-04-02 09:32:23.494 [http-nio-8080-exec-4] INFO  com.pushpm.controller.PushPmMessageController  ;
2024-04-02 09:32:23.494 [http-nio-8080-exec-4] INFO  com.pushpm.controller.PushPmMessageController  加密后的字符串:ENUY8JPy4S/cVFuHP+ueQQ==
2024-04-02 09:32:23.494 [http-nio-8080-exec-4] INFO  com.pushpm.controller.PushPmMessageController  TlCorpRecvMsgEnity{tableName='null', did='', msgPort='null', mobile='ENUY8JPy4S/cVFuHP+ueQQ==', msgContent='null', tplId='null', startTime='', endTime='', other='null'}
2024-04-02 09:32:23.508 [http-nio-8080-exec-4] INFO  com.pushpm.controller.PushPmMessageController  获取到的数据:0
2024-04-02 09:33:08.351 [http-nio-8080-exec-6] INFO  com.pushpm.controller.PushPmMessageController  5;1
2024-04-02 09:33:08.351 [http-nio-8080-exec-6] INFO  com.pushpm.controller.PushPmMessageController  ;
2024-04-02 09:33:08.353 [http-nio-8080-exec-6] INFO  com.pushpm.controller.PushPmMessageController  加密后的字符串:ENUY8JPy4S/cVFuHP+ueQQ==
2024-04-02 09:33:08.353 [http-nio-8080-exec-6] INFO  com.pushpm.controller.PushPmMessageController  TlCorpRecvMsgEnity{tableName='null', did='', msgPort='null', mobile='ENUY8JPy4S/cVFuHP+ueQQ==', msgContent='null', tplId='null', startTime='', endTime='', other='null'}
2024-04-02 09:33:08.369 [http-nio-8080-exec-6] INFO  com.pushpm.controller.PushPmMessageController  获取到的数据:0
2024-04-02 09:33:12.759 [http-nio-8080-exec-10] INFO  com.pushpm.controller.PushPmMessageController  5;1
2024-04-02 09:33:12.759 [http-nio-8080-exec-10] INFO  com.pushpm.controller.PushPmMessageController  ;
2024-04-02 09:33:12.760 [http-nio-8080-exec-10] INFO  com.pushpm.controller.PushPmMessageController  加密后的字符串:ENUY8JPy4S/cVFuHP+ueQQ==
2024-04-02 09:33:12.760 [http-nio-8080-exec-10] INFO  com.pushpm.controller.PushPmMessageController  TlCorpRecvMsgEnity{tableName='null', did='', msgPort='null', mobile='ENUY8JPy4S/cVFuHP+ueQQ==', msgContent='null', tplId='null', startTime='', endTime='', other='null'}
2024-04-02 09:33:12.775 [http-nio-8080-exec-10] INFO  com.pushpm.controller.PushPmMessageController  获取到的数据:0
2024-04-02 09:33:21.873 [http-nio-8080-exec-1] INFO  com.pushpm.controller.PushPmMessageController  5;1
2024-04-02 09:33:21.873 [http-nio-8080-exec-1] INFO  com.pushpm.controller.PushPmMessageController  15881677315;
2024-04-02 09:33:21.874 [http-nio-8080-exec-1] INFO  com.pushpm.controller.PushPmMessageController  加密后的字符串:JXyoPIYeAinXaGLt5qMI7Q==
2024-04-02 09:33:21.874 [http-nio-8080-exec-1] INFO  com.pushpm.controller.PushPmMessageController  TlCorpRecvMsgEnity{tableName='null', did='', msgPort='null', mobile='JXyoPIYeAinXaGLt5qMI7Q==', msgContent='null', tplId='null', startTime='', endTime='', other='null'}
2024-04-02 09:33:21.884 [http-nio-8080-exec-1] INFO  com.pushpm.controller.PushPmMessageController  获取到的数据:5
2024-04-02 09:33:26.741 [http-nio-8080-exec-5] INFO  com.pushpm.controller.PushPmMessageController  5;1
2024-04-02 09:33:26.741 [http-nio-8080-exec-5] INFO  com.pushpm.controller.PushPmMessageController  ;
2024-04-02 09:33:26.741 [http-nio-8080-exec-5] INFO  com.pushpm.controller.PushPmMessageController  加密后的字符串:ENUY8JPy4S/cVFuHP+ueQQ==
2024-04-02 09:33:26.742 [http-nio-8080-exec-5] INFO  com.pushpm.controller.PushPmMessageController  TlCorpRecvMsgEnity{tableName='null', did='', msgPort='null', mobile='ENUY8JPy4S/cVFuHP+ueQQ==', msgContent='null', tplId='null', startTime='', endTime='', other='null'}
2024-04-02 09:33:26.760 [http-nio-8080-exec-5] INFO  com.pushpm.controller.PushPmMessageController  获取到的数据:0
2024-04-02 09:33:39.914 [http-nio-8080-exec-8] INFO  com.pushpm.controller.PushPmMessageController  5;1
2024-04-02 09:33:39.914 [http-nio-8080-exec-8] INFO  com.pushpm.controller.PushPmMessageController  ;
2024-04-02 09:33:39.915 [http-nio-8080-exec-8] INFO  com.pushpm.controller.PushPmMessageController  加密后的字符串:ENUY8JPy4S/cVFuHP+ueQQ==
2024-04-02 09:33:39.915 [http-nio-8080-exec-8] INFO  com.pushpm.controller.PushPmMessageController  TlCorpRecvMsgEnity{tableName='null', did='', msgPort='null', mobile='ENUY8JPy4S/cVFuHP+ueQQ==', msgContent='null', tplId='null', startTime='', endTime='', other='null'}
2024-04-02 09:33:39.931 [http-nio-8080-exec-8] INFO  com.pushpm.controller.PushPmMessageController  获取到的数据:0
2024-04-02 09:33:41.682 [http-nio-8080-exec-9] INFO  com.pushpm.controller.PushPmMessageController  5;1
2024-04-02 09:33:41.683 [http-nio-8080-exec-9] INFO  com.pushpm.controller.PushPmMessageController  ;
2024-04-02 09:33:41.683 [http-nio-8080-exec-9] INFO  com.pushpm.controller.PushPmMessageController  加密后的字符串:ENUY8JPy4S/cVFuHP+ueQQ==
2024-04-02 09:33:41.683 [http-nio-8080-exec-9] INFO  com.pushpm.controller.PushPmMessageController  TlCorpRecvMsgEnity{tableName='null', did='', msgPort='null', mobile='ENUY8JPy4S/cVFuHP+ueQQ==', msgContent='null', tplId='null', startTime='', endTime='', other='null'}
2024-04-02 09:33:41.699 [http-nio-8080-exec-9] INFO  com.pushpm.controller.PushPmMessageController  获取到的数据:0
2024-04-02 09:33:43.833 [http-nio-8080-exec-1] INFO  com.pushpm.controller.PushPmMessageController  5;1
2024-04-02 09:33:43.833 [http-nio-8080-exec-1] INFO  com.pushpm.controller.PushPmMessageController  ;
2024-04-02 09:33:43.834 [http-nio-8080-exec-1] INFO  com.pushpm.controller.PushPmMessageController  加密后的字符串:ENUY8JPy4S/cVFuHP+ueQQ==
2024-04-02 09:33:43.834 [http-nio-8080-exec-1] INFO  com.pushpm.controller.PushPmMessageController  TlCorpRecvMsgEnity{tableName='null', did='', msgPort='null', mobile='ENUY8JPy4S/cVFuHP+ueQQ==', msgContent='null', tplId='null', startTime='', endTime='', other='null'}
2024-04-02 09:33:43.850 [http-nio-8080-exec-1] INFO  com.pushpm.controller.PushPmMessageController  获取到的数据:0
2024-04-02 09:33:53.308 [http-nio-8080-exec-2] INFO  com.pushpm.controller.PushPmMessageController  5;1
2024-04-02 09:33:53.308 [http-nio-8080-exec-2] INFO  com.pushpm.controller.PushPmMessageController  15881677315;
2024-04-02 09:33:53.309 [http-nio-8080-exec-2] INFO  com.pushpm.controller.PushPmMessageController  加密后的字符串:JXyoPIYeAinXaGLt5qMI7Q==
2024-04-02 09:33:53.309 [http-nio-8080-exec-2] INFO  com.pushpm.controller.PushPmMessageController  TlCorpRecvMsgEnity{tableName='null', did='', msgPort='null', mobile='JXyoPIYeAinXaGLt5qMI7Q==', msgContent='null', tplId='null', startTime='', endTime='', other='null'}
2024-04-02 09:33:53.321 [http-nio-8080-exec-2] INFO  com.pushpm.controller.PushPmMessageController  获取到的数据:5
2024-04-02 09:34:02.887 [http-nio-8080-exec-5] INFO  com.pushpm.controller.PushPmMessageController  5;1
2024-04-02 09:34:02.887 [http-nio-8080-exec-5] INFO  com.pushpm.controller.PushPmMessageController  ;
2024-04-02 09:34:02.887 [http-nio-8080-exec-5] INFO  com.pushpm.controller.PushPmMessageController  加密后的字符串:ENUY8JPy4S/cVFuHP+ueQQ==
2024-04-02 09:34:02.888 [http-nio-8080-exec-5] INFO  com.pushpm.controller.PushPmMessageController  TlCorpRecvMsgEnity{tableName='null', did='', msgPort='null', mobile='ENUY8JPy4S/cVFuHP+ueQQ==', msgContent='null', tplId='null', startTime='', endTime='', other='null'}
2024-04-02 09:34:02.903 [http-nio-8080-exec-5] INFO  com.pushpm.controller.PushPmMessageController  获取到的数据:0
2024-04-02 09:34:03.413 [http-nio-8080-exec-7] INFO  com.pushpm.controller.PushPmMessageController  5;1
2024-04-02 09:34:03.414 [http-nio-8080-exec-7] INFO  com.pushpm.controller.PushPmMessageController  ;
2024-04-02 09:34:03.415 [http-nio-8080-exec-7] INFO  com.pushpm.controller.PushPmMessageController  加密后的字符串:ENUY8JPy4S/cVFuHP+ueQQ==
2024-04-02 09:34:03.415 [http-nio-8080-exec-7] INFO  com.pushpm.controller.PushPmMessageController  TlCorpRecvMsgEnity{tableName='null', did='', msgPort='null', mobile='ENUY8JPy4S/cVFuHP+ueQQ==', msgContent='null', tplId='null', startTime='', endTime='', other='null'}
2024-04-02 09:34:03.432 [http-nio-8080-exec-7] INFO  com.pushpm.controller.PushPmMessageController  获取到的数据:0
2024-04-02 09:34:03.899 [http-nio-8080-exec-6] INFO  com.pushpm.controller.PushPmMessageController  5;1
2024-04-02 09:34:03.900 [http-nio-8080-exec-6] INFO  com.pushpm.controller.PushPmMessageController  ;
2024-04-02 09:34:03.900 [http-nio-8080-exec-6] INFO  com.pushpm.controller.PushPmMessageController  加密后的字符串:ENUY8JPy4S/cVFuHP+ueQQ==
2024-04-02 09:34:03.900 [http-nio-8080-exec-6] INFO  com.pushpm.controller.PushPmMessageController  TlCorpRecvMsgEnity{tableName='null', did='', msgPort='null', mobile='ENUY8JPy4S/cVFuHP+ueQQ==', msgContent='null', tplId='null', startTime='', endTime='', other='null'}
2024-04-02 09:34:03.916 [http-nio-8080-exec-6] INFO  com.pushpm.controller.PushPmMessageController  获取到的数据:0
2024-04-02 09:34:09.132 [http-nio-8080-exec-9] INFO  com.pushpm.controller.PushPmMessageController  5;1
2024-04-02 09:34:09.132 [http-nio-8080-exec-9] INFO  com.pushpm.controller.PushPmMessageController  15881677315;
2024-04-02 09:34:09.132 [http-nio-8080-exec-9] INFO  com.pushpm.controller.PushPmMessageController  加密后的字符串:JXyoPIYeAinXaGLt5qMI7Q==
2024-04-02 09:34:09.132 [http-nio-8080-exec-9] INFO  com.pushpm.controller.PushPmMessageController  TlCorpRecvMsgEnity{tableName='null', did='', msgPort='null', mobile='JXyoPIYeAinXaGLt5qMI7Q==', msgContent='null', tplId='null', startTime='', endTime='', other='null'}
2024-04-02 09:34:09.145 [http-nio-8080-exec-9] INFO  com.pushpm.controller.PushPmMessageController  获取到的数据:5
2024-04-02 09:36:48.831 [http-nio-8080-exec-4] INFO  com.pushpm.controller.PushPmMessageController  5;1
2024-04-02 09:36:48.832 [http-nio-8080-exec-4] INFO  com.pushpm.controller.PushPmMessageController  ;
2024-04-02 09:36:48.833 [http-nio-8080-exec-4] INFO  com.pushpm.controller.PushPmMessageController  加密后的字符串:ENUY8JPy4S/cVFuHP+ueQQ==
2024-04-02 09:36:48.833 [http-nio-8080-exec-4] INFO  com.pushpm.controller.PushPmMessageController  TlCorpRecvMsgEnity{tableName='null', did='', msgPort='null', mobile='ENUY8JPy4S/cVFuHP+ueQQ==', msgContent='null', tplId='null', startTime='', endTime='', other='null'}
2024-04-02 09:36:48.863 [http-nio-8080-exec-4] INFO  com.pushpm.controller.PushPmMessageController  获取到的数据:0
2024-04-02 09:36:49.520 [http-nio-8080-exec-6] INFO  com.pushpm.controller.PushPmMessageController  5;1
2024-04-02 09:36:49.520 [http-nio-8080-exec-6] INFO  com.pushpm.controller.PushPmMessageController  ;
2024-04-02 09:36:49.521 [http-nio-8080-exec-6] INFO  com.pushpm.controller.PushPmMessageController  加密后的字符串:ENUY8JPy4S/cVFuHP+ueQQ==
2024-04-02 09:36:49.521 [http-nio-8080-exec-6] INFO  com.pushpm.controller.PushPmMessageController  TlCorpRecvMsgEnity{tableName='null', did='', msgPort='null', mobile='ENUY8JPy4S/cVFuHP+ueQQ==', msgContent='null', tplId='null', startTime='', endTime='', other='null'}
2024-04-02 09:36:49.542 [http-nio-8080-exec-6] INFO  com.pushpm.controller.PushPmMessageController  获取到的数据:0
2024-04-02 09:37:00.388 [http-nio-8080-exec-9] INFO  com.pushpm.controller.PushPmMessageController  5;1
2024-04-02 09:37:00.388 [http-nio-8080-exec-9] INFO  com.pushpm.controller.PushPmMessageController  15881677315;
2024-04-02 09:37:00.388 [http-nio-8080-exec-9] INFO  com.pushpm.controller.PushPmMessageController  加密后的字符串:JXyoPIYeAinXaGLt5qMI7Q==
2024-04-02 09:37:00.388 [http-nio-8080-exec-9] INFO  com.pushpm.controller.PushPmMessageController  TlCorpRecvMsgEnity{tableName='null', did='', msgPort='null', mobile='JXyoPIYeAinXaGLt5qMI7Q==', msgContent='null', tplId='null', startTime='', endTime='', other='null'}
2024-04-02 09:37:00.401 [http-nio-8080-exec-9] INFO  com.pushpm.controller.PushPmMessageController  获取到的数据:5
2024-04-02 09:37:49.571 [http-nio-8080-exec-1] INFO  com.pushpm.controller.PushPmMessageController  5;1
2024-04-02 09:37:49.571 [http-nio-8080-exec-1] INFO  com.pushpm.controller.PushPmMessageController  ;
2024-04-02 09:37:49.572 [http-nio-8080-exec-1] INFO  com.pushpm.controller.PushPmMessageController  加密后的字符串:ENUY8JPy4S/cVFuHP+ueQQ==
2024-04-02 09:37:49.572 [http-nio-8080-exec-1] INFO  com.pushpm.controller.PushPmMessageController  TlCorpRecvMsgEnity{tableName='null', did='', msgPort='null', mobile='ENUY8JPy4S/cVFuHP+ueQQ==', msgContent='null', tplId='null', startTime='', endTime='', other='null'}
2024-04-02 09:37:49.583 [http-nio-8080-exec-1] INFO  com.pushpm.controller.PushPmMessageController  获取到的数据:0
2024-04-02 09:56:44.626 [http-nio-8080-exec-4] INFO  com.pushpm.controller.PushPmMessageController  5;1
2024-04-02 09:56:44.628 [http-nio-8080-exec-4] INFO  com.pushpm.controller.PushPmMessageController  ;
2024-04-02 09:56:44.628 [http-nio-8080-exec-4] INFO  com.pushpm.controller.PushPmMessageController  加密后的字符串:ENUY8JPy4S/cVFuHP+ueQQ==
2024-04-02 09:56:44.628 [http-nio-8080-exec-4] INFO  com.pushpm.controller.PushPmMessageController  TlCorpRecvMsgEnity{tableName='null', did='', msgPort='null', mobile='ENUY8JPy4S/cVFuHP+ueQQ==', msgContent='null', tplId='null', startTime='', endTime='', other='null'}
2024-04-02 09:56:44.650 [http-nio-8080-exec-4] INFO  com.pushpm.controller.PushPmMessageController  获取到的数据:0
2024-04-02 09:56:45.255 [http-nio-8080-exec-8] INFO  com.pushpm.controller.PushPmMessageController  5;1
2024-04-02 09:56:45.256 [http-nio-8080-exec-8] INFO  com.pushpm.controller.PushPmMessageController  ;
2024-04-02 09:56:45.256 [http-nio-8080-exec-8] INFO  com.pushpm.controller.PushPmMessageController  加密后的字符串:ENUY8JPy4S/cVFuHP+ueQQ==
2024-04-02 09:56:45.257 [http-nio-8080-exec-8] INFO  com.pushpm.controller.PushPmMessageController  TlCorpRecvMsgEnity{tableName='null', did='', msgPort='null', mobile='ENUY8JPy4S/cVFuHP+ueQQ==', msgContent='null', tplId='null', startTime='', endTime='', other='null'}
2024-04-02 09:56:45.273 [http-nio-8080-exec-8] INFO  com.pushpm.controller.PushPmMessageController  获取到的数据:0
2024-04-02 09:56:50.124 [http-nio-8080-exec-9] INFO  com.pushpm.controller.PushPmMessageController  5;1
2024-04-02 09:56:50.124 [http-nio-8080-exec-9] INFO  com.pushpm.controller.PushPmMessageController  ;
2024-04-02 09:56:50.125 [http-nio-8080-exec-9] INFO  com.pushpm.controller.PushPmMessageController  加密后的字符串:ENUY8JPy4S/cVFuHP+ueQQ==
2024-04-02 09:56:50.125 [http-nio-8080-exec-9] INFO  com.pushpm.controller.PushPmMessageController  TlCorpRecvMsgEnity{tableName='null', did='', msgPort='null', mobile='ENUY8JPy4S/cVFuHP+ueQQ==', msgContent='null', tplId='null', startTime='', endTime='', other='null'}
2024-04-02 09:56:50.147 [http-nio-8080-exec-9] INFO  com.pushpm.controller.PushPmMessageController  获取到的数据:0
2024-04-02 09:57:42.336 [http-nio-8080-exec-1] INFO  com.pushpm.controller.PushPmMessageController  5;1
2024-04-02 09:57:42.337 [http-nio-8080-exec-1] INFO  com.pushpm.controller.PushPmMessageController  ;
2024-04-02 09:57:42.337 [http-nio-8080-exec-1] INFO  com.pushpm.controller.PushPmMessageController  加密后的字符串:ENUY8JPy4S/cVFuHP+ueQQ==
2024-04-02 09:57:42.337 [http-nio-8080-exec-1] INFO  com.pushpm.controller.PushPmMessageController  TlCorpRecvMsgEnity{tableName='null', did='', msgPort='null', mobile='ENUY8JPy4S/cVFuHP+ueQQ==', msgContent='null', tplId='null', startTime='', endTime='', other='null'}
2024-04-02 09:57:42.357 [http-nio-8080-exec-1] INFO  com.pushpm.controller.PushPmMessageController  获取到的数据:0
2024-04-02 09:57:55.724 [http-nio-8080-exec-5] INFO  com.pushpm.controller.PushPmMessageController  5;1
2024-04-02 09:57:55.725 [http-nio-8080-exec-5] INFO  com.pushpm.controller.PushPmMessageController  ;
2024-04-02 09:57:55.725 [http-nio-8080-exec-5] INFO  com.pushpm.controller.PushPmMessageController  加密后的字符串:ENUY8JPy4S/cVFuHP+ueQQ==
2024-04-02 09:57:55.725 [http-nio-8080-exec-5] INFO  com.pushpm.controller.PushPmMessageController  TlCorpRecvMsgEnity{tableName='null', did='', msgPort='null', mobile='ENUY8JPy4S/cVFuHP+ueQQ==', msgContent='null', tplId='null', startTime='', endTime='', other='null'}
2024-04-02 09:57:55.742 [http-nio-8080-exec-5] INFO  com.pushpm.controller.PushPmMessageController  获取到的数据:0
2024-04-02 09:57:58.066 [http-nio-8080-exec-7] INFO  com.pushpm.controller.PushPmMessageController  5;1
2024-04-02 09:57:58.067 [http-nio-8080-exec-7] INFO  com.pushpm.controller.PushPmMessageController  ;
2024-04-02 09:57:58.068 [http-nio-8080-exec-7] INFO  com.pushpm.controller.PushPmMessageController  加密后的字符串:ENUY8JPy4S/cVFuHP+ueQQ==
2024-04-02 09:57:58.068 [http-nio-8080-exec-7] INFO  com.pushpm.controller.PushPmMessageController  TlCorpRecvMsgEnity{tableName='null', did='', msgPort='null', mobile='ENUY8JPy4S/cVFuHP+ueQQ==', msgContent='null', tplId='null', startTime='', endTime='', other='null'}
2024-04-02 09:57:58.082 [http-nio-8080-exec-7] INFO  com.pushpm.controller.PushPmMessageController  获取到的数据:0
2024-04-02 10:06:58.116 [http-nio-8080-exec-1] INFO  com.pushpm.controller.PushPmMessageController  5;1
2024-04-02 10:06:58.116 [http-nio-8080-exec-1] INFO  com.pushpm.controller.PushPmMessageController  ;
2024-04-02 10:06:58.117 [http-nio-8080-exec-1] INFO  com.pushpm.controller.PushPmMessageController  加密后的字符串:ENUY8JPy4S/cVFuHP+ueQQ==
2024-04-02 10:06:58.117 [http-nio-8080-exec-1] INFO  com.pushpm.controller.PushPmMessageController  TlCorpRecvMsgEnity{tableName='null', did='', msgPort='null', mobile='ENUY8JPy4S/cVFuHP+ueQQ==', msgContent='null', tplId='null', startTime='', endTime='', other='null'}
2024-04-02 10:06:58.136 [http-nio-8080-exec-1] INFO  com.pushpm.controller.PushPmMessageController  获取到的数据:0
2024-04-02 10:07:33.061 [http-nio-8080-exec-3] INFO  com.pushpm.controller.PushPmMessageController  5;1
2024-04-02 10:07:33.062 [http-nio-8080-exec-3] INFO  com.pushpm.controller.PushPmMessageController  ;
2024-04-02 10:07:33.062 [http-nio-8080-exec-3] INFO  com.pushpm.controller.PushPmMessageController  加密后的字符串:ENUY8JPy4S/cVFuHP+ueQQ==
2024-04-02 10:07:33.062 [http-nio-8080-exec-3] INFO  com.pushpm.controller.PushPmMessageController  TlCorpRecvMsgEnity{tableName='null', did='', msgPort='null', mobile='ENUY8JPy4S/cVFuHP+ueQQ==', msgContent='null', tplId='null', startTime='', endTime='', other='null'}
2024-04-02 10:07:33.080 [http-nio-8080-exec-3] INFO  com.pushpm.controller.PushPmMessageController  获取到的数据:0
2024-04-02 10:08:24.977 [http-nio-8080-exec-7] INFO  com.pushpm.controller.PushPmMessageController  5;1
2024-04-02 10:08:24.977 [http-nio-8080-exec-7] INFO  com.pushpm.controller.PushPmMessageController  ;
2024-04-02 10:08:24.978 [http-nio-8080-exec-7] INFO  com.pushpm.controller.PushPmMessageController  加密后的字符串:ENUY8JPy4S/cVFuHP+ueQQ==
2024-04-02 10:08:24.979 [http-nio-8080-exec-7] INFO  com.pushpm.controller.PushPmMessageController  TlCorpRecvMsgEnity{tableName='null', did='', msgPort='null', mobile='ENUY8JPy4S/cVFuHP+ueQQ==', msgContent='null', tplId='null', startTime='', endTime='', other='null'}
2024-04-02 10:08:25.004 [http-nio-8080-exec-7] INFO  com.pushpm.controller.PushPmMessageController  获取到的数据:0
2024-04-02 10:11:21.024 [http-nio-8080-exec-1] INFO  com.pushpm.controller.PushPmMessageController  5;1
2024-04-02 10:11:21.025 [http-nio-8080-exec-1] INFO  com.pushpm.controller.PushPmMessageController  ;
2024-04-02 10:11:21.025 [http-nio-8080-exec-1] INFO  com.pushpm.controller.PushPmMessageController  加密后的字符串:ENUY8JPy4S/cVFuHP+ueQQ==
2024-04-02 10:11:21.025 [http-nio-8080-exec-1] INFO  com.pushpm.controller.PushPmMessageController  TlCorpRecvMsgEnity{tableName='null', did='', msgPort='null', mobile='ENUY8JPy4S/cVFuHP+ueQQ==', msgContent='null', tplId='null', startTime='', endTime='', other='null'}
2024-04-02 10:11:21.049 [http-nio-8080-exec-1] INFO  com.pushpm.controller.PushPmMessageController  获取到的数据:0
2024-04-02 10:11:32.330 [http-nio-8080-exec-3] INFO  com.pushpm.controller.PushPmMessageController  5;1
2024-04-02 10:11:32.331 [http-nio-8080-exec-3] INFO  com.pushpm.controller.PushPmMessageController  ;
2024-04-02 10:11:32.331 [http-nio-8080-exec-3] INFO  com.pushpm.controller.PushPmMessageController  加密后的字符串:ENUY8JPy4S/cVFuHP+ueQQ==
2024-04-02 10:11:32.331 [http-nio-8080-exec-3] INFO  com.pushpm.controller.PushPmMessageController  TlCorpRecvMsgEnity{tableName='null', did='', msgPort='null', mobile='ENUY8JPy4S/cVFuHP+ueQQ==', msgContent='null', tplId='null', startTime='', endTime='', other='null'}
2024-04-02 10:11:32.349 [http-nio-8080-exec-3] INFO  com.pushpm.controller.PushPmMessageController  获取到的数据:0
2024-04-02 10:13:50.612 [http-nio-8080-exec-8] INFO  com.pushpm.controller.PushPmMessageController  5;1
2024-04-02 10:13:50.613 [http-nio-8080-exec-8] INFO  com.pushpm.controller.PushPmMessageController  ;
2024-04-02 10:13:50.613 [http-nio-8080-exec-8] INFO  com.pushpm.controller.PushPmMessageController  加密后的字符串:ENUY8JPy4S/cVFuHP+ueQQ==
2024-04-02 10:13:50.613 [http-nio-8080-exec-8] INFO  com.pushpm.controller.PushPmMessageController  TlCorpRecvMsgEnity{tableName='null', did='', msgPort='null', mobile='ENUY8JPy4S/cVFuHP+ueQQ==', msgContent='null', tplId='null', startTime='', endTime='', other='null'}
2024-04-02 10:13:50.635 [http-nio-8080-exec-8] INFO  com.pushpm.controller.PushPmMessageController  获取到的数据:0
2024-04-02 10:13:54.712 [http-nio-8080-exec-9] INFO  com.pushpm.controller.PushPmMessageController  5;1
2024-04-02 10:13:54.713 [http-nio-8080-exec-9] INFO  com.pushpm.controller.PushPmMessageController  ;
2024-04-02 10:13:54.713 [http-nio-8080-exec-9] INFO  com.pushpm.controller.PushPmMessageController  加密后的字符串:ENUY8JPy4S/cVFuHP+ueQQ==
2024-04-02 10:13:54.713 [http-nio-8080-exec-9] INFO  com.pushpm.controller.PushPmMessageController  TlCorpRecvMsgEnity{tableName='null', did='', msgPort='null', mobile='ENUY8JPy4S/cVFuHP+ueQQ==', msgContent='null', tplId='null', startTime='', endTime='', other='null'}
2024-04-02 10:13:54.730 [http-nio-8080-exec-9] INFO  com.pushpm.controller.PushPmMessageController  获取到的数据:0
2024-04-02 10:14:26.997 [http-nio-8080-exec-2] INFO  com.pushpm.controller.PushPmMessageController  5;1
2024-04-02 10:14:26.997 [http-nio-8080-exec-2] INFO  com.pushpm.controller.PushPmMessageController  ;
2024-04-02 10:14:26.998 [http-nio-8080-exec-2] INFO  com.pushpm.controller.PushPmMessageController  加密后的字符串:ENUY8JPy4S/cVFuHP+ueQQ==
2024-04-02 10:14:26.998 [http-nio-8080-exec-2] INFO  com.pushpm.controller.PushPmMessageController  TlCorpRecvMsgEnity{tableName='null', did='', msgPort='null', mobile='ENUY8JPy4S/cVFuHP+ueQQ==', msgContent='null', tplId='null', startTime='', endTime='', other='null'}
2024-04-02 10:14:27.015 [http-nio-8080-exec-2] INFO  com.pushpm.controller.PushPmMessageController  获取到的数据:0
2024-04-02 10:14:38.645 [http-nio-8080-exec-4] INFO  com.pushpm.controller.PushPmMessageController  5;1
2024-04-02 10:14:38.646 [http-nio-8080-exec-4] INFO  com.pushpm.controller.PushPmMessageController  ;
2024-04-02 10:14:38.646 [http-nio-8080-exec-4] INFO  com.pushpm.controller.PushPmMessageController  加密后的字符串:ENUY8JPy4S/cVFuHP+ueQQ==
2024-04-02 10:14:38.646 [http-nio-8080-exec-4] INFO  com.pushpm.controller.PushPmMessageController  TlCorpRecvMsgEnity{tableName='null', did='', msgPort='null', mobile='ENUY8JPy4S/cVFuHP+ueQQ==', msgContent='null', tplId='null', startTime='', endTime='', other='null'}
2024-04-02 10:14:38.668 [http-nio-8080-exec-4] INFO  com.pushpm.controller.PushPmMessageController  获取到的数据:0
2024-04-02 10:15:33.814 [http-nio-8080-exec-9] INFO  com.pushpm.controller.PushPmMessageController  5;1
2024-04-02 10:15:33.815 [http-nio-8080-exec-9] INFO  com.pushpm.controller.PushPmMessageController  ;
2024-04-02 10:15:33.815 [http-nio-8080-exec-9] INFO  com.pushpm.controller.PushPmMessageController  加密后的字符串:ENUY8JPy4S/cVFuHP+ueQQ==
2024-04-02 10:15:33.815 [http-nio-8080-exec-9] INFO  com.pushpm.controller.PushPmMessageController  TlCorpRecvMsgEnity{tableName='null', did='', msgPort='null', mobile='ENUY8JPy4S/cVFuHP+ueQQ==', msgContent='null', tplId='null', startTime='', endTime='', other='null'}
2024-04-02 10:15:33.832 [http-nio-8080-exec-9] INFO  com.pushpm.controller.PushPmMessageController  获取到的数据:0
2024-04-02 10:15:40.807 [http-nio-8080-exec-1] INFO  com.pushpm.controller.PushPmMessageController  5;1
2024-04-02 10:15:40.807 [http-nio-8080-exec-1] INFO  com.pushpm.controller.PushPmMessageController  ;
2024-04-02 10:15:40.808 [http-nio-8080-exec-1] INFO  com.pushpm.controller.PushPmMessageController  加密后的字符串:ENUY8JPy4S/cVFuHP+ueQQ==
2024-04-02 10:15:40.808 [http-nio-8080-exec-1] INFO  com.pushpm.controller.PushPmMessageController  TlCorpRecvMsgEnity{tableName='null', did='', msgPort='null', mobile='ENUY8JPy4S/cVFuHP+ueQQ==', msgContent='null', tplId='null', startTime='', endTime='', other='null'}
2024-04-02 10:15:40.822 [http-nio-8080-exec-1] INFO  com.pushpm.controller.PushPmMessageController  获取到的数据:0
2024-04-02 10:18:55.950 [http-nio-8080-exec-5] INFO  com.pushpm.controller.PushPmMessageController  5;1
2024-04-02 10:18:55.951 [http-nio-8080-exec-5] INFO  com.pushpm.controller.PushPmMessageController  ;
2024-04-02 10:18:55.951 [http-nio-8080-exec-5] INFO  com.pushpm.controller.PushPmMessageController  加密后的字符串:ENUY8JPy4S/cVFuHP+ueQQ==
2024-04-02 10:18:55.951 [http-nio-8080-exec-5] INFO  com.pushpm.controller.PushPmMessageController  TlCorpRecvMsgEnity{tableName='null', did='', msgPort='null', mobile='ENUY8JPy4S/cVFuHP+ueQQ==', msgContent='null', tplId='null', startTime='', endTime='', other='null'}
2024-04-02 10:18:55.975 [http-nio-8080-exec-5] INFO  com.pushpm.controller.PushPmMessageController  获取到的数据:0
2024-04-02 10:19:23.024 [http-nio-8080-exec-2] INFO  com.pushpm.controller.PushPmMessageController  5;1
2024-04-02 10:19:23.025 [http-nio-8080-exec-2] INFO  com.pushpm.controller.PushPmMessageController  ;
2024-04-02 10:19:23.026 [http-nio-8080-exec-2] INFO  com.pushpm.controller.PushPmMessageController  加密后的字符串:ENUY8JPy4S/cVFuHP+ueQQ==
2024-04-02 10:19:23.026 [http-nio-8080-exec-2] INFO  com.pushpm.controller.PushPmMessageController  TlCorpRecvMsgEnity{tableName='null', did='', msgPort='null', mobile='ENUY8JPy4S/cVFuHP+ueQQ==', msgContent='null', tplId='null', startTime='', endTime='', other='null'}
2024-04-02 10:19:23.043 [http-nio-8080-exec-2] INFO  com.pushpm.controller.PushPmMessageController  获取到的数据:0
2024-04-02 10:22:29.154 [http-nio-8080-exec-9] INFO  com.pushpm.controller.PushPmMessageController  5;1
2024-04-02 10:22:29.155 [http-nio-8080-exec-9] INFO  com.pushpm.controller.PushPmMessageController  ;
2024-04-02 10:22:29.155 [http-nio-8080-exec-9] INFO  com.pushpm.controller.PushPmMessageController  加密后的字符串:ENUY8JPy4S/cVFuHP+ueQQ==
2024-04-02 10:22:29.155 [http-nio-8080-exec-9] INFO  com.pushpm.controller.PushPmMessageController  TlCorpRecvMsgEnity{tableName='null', did='', msgPort='null', mobile='ENUY8JPy4S/cVFuHP+ueQQ==', msgContent='null', tplId='null', startTime='', endTime='', other='null'}
2024-04-02 10:22:29.174 [http-nio-8080-exec-9] INFO  com.pushpm.controller.PushPmMessageController  获取到的数据:0
2024-04-02 10:22:32.567 [http-nio-8080-exec-2] INFO  com.pushpm.controller.PushPmMessageController  5;1
2024-04-02 10:22:32.567 [http-nio-8080-exec-2] INFO  com.pushpm.controller.PushPmMessageController  ;
2024-04-02 10:22:32.568 [http-nio-8080-exec-2] INFO  com.pushpm.controller.PushPmMessageController  加密后的字符串:ENUY8JPy4S/cVFuHP+ueQQ==
2024-04-02 10:22:32.568 [http-nio-8080-exec-2] INFO  com.pushpm.controller.PushPmMessageController  TlCorpRecvMsgEnity{tableName='null', did='', msgPort='null', mobile='ENUY8JPy4S/cVFuHP+ueQQ==', msgContent='null', tplId='null', startTime='', endTime='', other='null'}
2024-04-02 10:22:32.585 [http-nio-8080-exec-2] INFO  com.pushpm.controller.PushPmMessageController  获取到的数据:0
2024-04-02 10:22:35.560 [http-nio-8080-exec-4] INFO  com.pushpm.controller.PushPmMessageController  5;1
2024-04-02 10:22:35.561 [http-nio-8080-exec-4] INFO  com.pushpm.controller.PushPmMessageController  ;
2024-04-02 10:22:35.561 [http-nio-8080-exec-4] INFO  com.pushpm.controller.PushPmMessageController  加密后的字符串:ENUY8JPy4S/cVFuHP+ueQQ==
2024-04-02 10:22:35.561 [http-nio-8080-exec-4] INFO  com.pushpm.controller.PushPmMessageController  TlCorpRecvMsgEnity{tableName='null', did='', msgPort='null', mobile='ENUY8JPy4S/cVFuHP+ueQQ==', msgContent='null', tplId='null', startTime='', endTime='', other='null'}
2024-04-02 10:22:35.576 [http-nio-8080-exec-4] INFO  com.pushpm.controller.PushPmMessageController  获取到的数据:0
2024-04-02 10:26:35.923 [http-nio-8080-exec-1] INFO  com.pushpm.controller.PushPmMessageController  5;1
2024-04-02 10:26:35.924 [http-nio-8080-exec-1] INFO  com.pushpm.controller.PushPmMessageController  ;
2024-04-02 10:26:35.924 [http-nio-8080-exec-1] INFO  com.pushpm.controller.PushPmMessageController  加密后的字符串:ENUY8JPy4S/cVFuHP+ueQQ==
2024-04-02 10:26:35.924 [http-nio-8080-exec-1] INFO  com.pushpm.controller.PushPmMessageController  TlCorpRecvMsgEnity{tableName='null', did='', msgPort='null', mobile='ENUY8JPy4S/cVFuHP+ueQQ==', msgContent='null', tplId='null', startTime='', endTime='', other='null'}
2024-04-02 10:26:35.951 [http-nio-8080-exec-1] INFO  com.pushpm.controller.PushPmMessageController  获取到的数据:0
2024-04-02 10:26:40.664 [http-nio-8080-exec-4] INFO  com.pushpm.controller.PushPmMessageController  5;1
2024-04-02 10:26:40.664 [http-nio-8080-exec-4] INFO  com.pushpm.controller.PushPmMessageController  ;
2024-04-02 10:26:40.664 [http-nio-8080-exec-4] INFO  com.pushpm.controller.PushPmMessageController  加密后的字符串:ENUY8JPy4S/cVFuHP+ueQQ==
2024-04-02 10:26:40.664 [http-nio-8080-exec-4] INFO  com.pushpm.controller.PushPmMessageController  TlCorpRecvMsgEnity{tableName='null', did='', msgPort='null', mobile='ENUY8JPy4S/cVFuHP+ueQQ==', msgContent='null', tplId='null', startTime='', endTime='', other='null'}
2024-04-02 10:26:40.682 [http-nio-8080-exec-4] INFO  com.pushpm.controller.PushPmMessageController  获取到的数据:0
2024-04-02 10:27:22.482 [http-nio-8080-exec-2] INFO  com.pushpm.controller.PushPmMessageController  5;1
2024-04-02 10:27:22.483 [http-nio-8080-exec-2] INFO  com.pushpm.controller.PushPmMessageController  ;
2024-04-02 10:27:22.483 [http-nio-8080-exec-2] INFO  com.pushpm.controller.PushPmMessageController  加密后的字符串:ENUY8JPy4S/cVFuHP+ueQQ==
2024-04-02 10:27:22.484 [http-nio-8080-exec-2] INFO  com.pushpm.controller.PushPmMessageController  TlCorpRecvMsgEnity{tableName='null', did='', msgPort='null', mobile='ENUY8JPy4S/cVFuHP+ueQQ==', msgContent='null', tplId='null', startTime='', endTime='', other='null'}
2024-04-02 10:27:22.502 [http-nio-8080-exec-2] INFO  com.pushpm.controller.PushPmMessageController  获取到的数据:0
2024-04-02 10:29:02.297 [http-nio-8080-exec-8] INFO  com.pushpm.controller.PushPmMessageController  5;1
2024-04-02 10:29:02.297 [http-nio-8080-exec-8] INFO  com.pushpm.controller.PushPmMessageController  ;
2024-04-02 10:29:02.298 [http-nio-8080-exec-8] INFO  com.pushpm.controller.PushPmMessageController  加密后的字符串:ENUY8JPy4S/cVFuHP+ueQQ==
2024-04-02 10:29:02.298 [http-nio-8080-exec-8] INFO  com.pushpm.controller.PushPmMessageController  TlCorpRecvMsgEnity{tableName='null', did='', msgPort='null', mobile='ENUY8JPy4S/cVFuHP+ueQQ==', msgContent='null', tplId='null', startTime='', endTime='', other='null'}
2024-04-02 10:29:02.326 [http-nio-8080-exec-8] INFO  com.pushpm.controller.PushPmMessageController  获取到的数据:0
2024-04-02 10:29:04.955 [http-nio-8080-exec-2] INFO  com.pushpm.controller.PushPmMessageController  5;1
2024-04-02 10:29:04.956 [http-nio-8080-exec-2] INFO  com.pushpm.controller.PushPmMessageController  ;
2024-04-02 10:29:04.959 [http-nio-8080-exec-2] INFO  com.pushpm.controller.PushPmMessageController  加密后的字符串:ENUY8JPy4S/cVFuHP+ueQQ==
2024-04-02 10:29:04.960 [http-nio-8080-exec-2] INFO  com.pushpm.controller.PushPmMessageController  TlCorpRecvMsgEnity{tableName='null', did='', msgPort='null', mobile='ENUY8JPy4S/cVFuHP+ueQQ==', msgContent='null', tplId='null', startTime='', endTime='', other='null'}
2024-04-02 10:29:04.982 [http-nio-8080-exec-2] INFO  com.pushpm.controller.PushPmMessageController  获取到的数据:0
2024-04-02 10:35:10.169 [http-nio-8080-exec-8] INFO  com.pushpm.controller.PushPmMessageController  5;1
2024-04-02 10:35:10.169 [http-nio-8080-exec-8] INFO  com.pushpm.controller.PushPmMessageController  ;
2024-04-02 10:35:10.170 [http-nio-8080-exec-8] INFO  com.pushpm.controller.PushPmMessageController  加密后的字符串:ENUY8JPy4S/cVFuHP+ueQQ==
2024-04-02 10:35:10.170 [http-nio-8080-exec-8] INFO  com.pushpm.controller.PushPmMessageController  TlCorpRecvMsgEnity{tableName='null', did='', msgPort='null', mobile='ENUY8JPy4S/cVFuHP+ueQQ==', msgContent='null', tplId='null', startTime='', endTime='', other='null'}
2024-04-02 10:35:10.196 [http-nio-8080-exec-8] INFO  com.pushpm.controller.PushPmMessageController  获取到的数据:0
2024-04-02 10:35:22.788 [http-nio-8080-exec-9] INFO  com.pushpm.controller.PushPmMessageController  5;1
2024-04-02 10:35:22.789 [http-nio-8080-exec-9] INFO  com.pushpm.controller.PushPmMessageController  ;
2024-04-02 10:35:22.789 [http-nio-8080-exec-9] INFO  com.pushpm.controller.PushPmMessageController  加密后的字符串:ENUY8JPy4S/cVFuHP+ueQQ==
2024-04-02 10:35:22.789 [http-nio-8080-exec-9] INFO  com.pushpm.controller.PushPmMessageController  TlCorpRecvMsgEnity{tableName='null', did='', msgPort='null', mobile='ENUY8JPy4S/cVFuHP+ueQQ==', msgContent='null', tplId='null', startTime='', endTime='', other='null'}
2024-04-02 10:35:22.805 [http-nio-8080-exec-9] INFO  com.pushpm.controller.PushPmMessageController  获取到的数据:0
2024-04-02 10:35:26.266 [http-nio-8080-exec-1] INFO  com.pushpm.controller.PushPmMessageController  5;1
2024-04-02 10:35:26.266 [http-nio-8080-exec-1] INFO  com.pushpm.controller.PushPmMessageController  ;
2024-04-02 10:35:26.267 [http-nio-8080-exec-1] INFO  com.pushpm.controller.PushPmMessageController  加密后的字符串:ENUY8JPy4S/cVFuHP+ueQQ==
2024-04-02 10:35:26.267 [http-nio-8080-exec-1] INFO  com.pushpm.controller.PushPmMessageController  TlCorpRecvMsgEnity{tableName='null', did='', msgPort='null', mobile='ENUY8JPy4S/cVFuHP+ueQQ==', msgContent='null', tplId='null', startTime='', endTime='', other='null'}
2024-04-02 10:35:26.282 [http-nio-8080-exec-1] INFO  com.pushpm.controller.PushPmMessageController  获取到的数据:0
2024-04-02 10:39:31.320 [http-nio-8080-exec-7] INFO  com.pushpm.controller.PushPmMessageController  5;1
2024-04-02 10:39:31.321 [http-nio-8080-exec-7] INFO  com.pushpm.controller.PushPmMessageController  ;
2024-04-02 10:39:31.321 [http-nio-8080-exec-7] INFO  com.pushpm.controller.PushPmMessageController  加密后的字符串:ENUY8JPy4S/cVFuHP+ueQQ==
2024-04-02 10:39:31.321 [http-nio-8080-exec-7] INFO  com.pushpm.controller.PushPmMessageController  TlCorpRecvMsgEnity{tableName='null', did='', msgPort='null', mobile='ENUY8JPy4S/cVFuHP+ueQQ==', msgContent='null', tplId='null', startTime='', endTime='', other='null'}
2024-04-02 10:39:31.341 [http-nio-8080-exec-7] INFO  com.pushpm.controller.PushPmMessageController  获取到的数据:0
2024-04-02 10:39:34.311 [http-nio-8080-exec-6] INFO  com.pushpm.controller.PushPmMessageController  5;1
2024-04-02 10:39:34.311 [http-nio-8080-exec-6] INFO  com.pushpm.controller.PushPmMessageController  ;
2024-04-02 10:39:34.311 [http-nio-8080-exec-6] INFO  com.pushpm.controller.PushPmMessageController  加密后的字符串:ENUY8JPy4S/cVFuHP+ueQQ==
2024-04-02 10:39:34.311 [http-nio-8080-exec-6] INFO  com.pushpm.controller.PushPmMessageController  TlCorpRecvMsgEnity{tableName='null', did='', msgPort='null', mobile='ENUY8JPy4S/cVFuHP+ueQQ==', msgContent='null', tplId='null', startTime='', endTime='', other='null'}
2024-04-02 10:39:34.330 [http-nio-8080-exec-6] INFO  com.pushpm.controller.PushPmMessageController  获取到的数据:0
2024-04-02 10:39:46.265 [http-nio-8080-exec-10] INFO  com.pushpm.controller.PushPmMessageController  5;1
2024-04-02 10:39:46.265 [http-nio-8080-exec-10] INFO  com.pushpm.controller.PushPmMessageController  ;
2024-04-02 10:39:46.265 [http-nio-8080-exec-10] INFO  com.pushpm.controller.PushPmMessageController  加密后的字符串:ENUY8JPy4S/cVFuHP+ueQQ==
2024-04-02 10:39:46.265 [http-nio-8080-exec-10] INFO  com.pushpm.controller.PushPmMessageController  TlCorpRecvMsgEnity{tableName='null', did='', msgPort='null', mobile='ENUY8JPy4S/cVFuHP+ueQQ==', msgContent='null', tplId='null', startTime='', endTime='', other='null'}
2024-04-02 10:39:46.280 [http-nio-8080-exec-10] INFO  com.pushpm.controller.PushPmMessageController  获取到的数据:0
2024-04-02 10:55:09.093 [main] INFO  com.pushpm.DbFile  Starting DbFile on DXITw10 with PID 16740 (E:\Idea\IDEA_Project\pushpm-dbfiles-services\target\classes started by LuoW in E:\Idea\IDEA_Project\pushpm-dbfiles-services)
2024-04-02 10:55:09.112 [main] INFO  com.pushpm.DbFile  No active profile set, falling back to default profiles: default
2024-04-02 10:55:15.424 [main] INFO  org.springframework.boot.web.embedded.tomcat.TomcatWebServer  Tomcat initialized with port(s): 8080 (http)
2024-04-02 10:55:15.456 [main] INFO  org.apache.coyote.http11.Http11NioProtocol  Initializing ProtocolHandler ["http-nio-8080"]
2024-04-02 10:55:15.457 [main] INFO  org.apache.catalina.core.StandardService  Starting service [Tomcat]
2024-04-02 10:55:15.457 [main] INFO  org.apache.catalina.core.StandardEngine  Starting Servlet engine: [Apache Tomcat/9.0.38]
2024-04-02 10:55:15.825 [main] INFO  org.apache.catalina.core.ContainerBase.[Tomcat].[localhost].[/]  Initializing Spring embedded WebApplicationContext
2024-04-02 10:55:15.825 [main] INFO  org.springframework.boot.web.servlet.context.ServletWebServerApplicationContext  Root WebApplicationContext: initialization completed in 6589 ms
2024-04-02 10:55:16.980 [main] INFO  org.springframework.scheduling.concurrent.ThreadPoolTaskExecutor  Initializing ExecutorService 'taskExecutor'
2024-04-02 10:55:17.694 [main] INFO  org.springframework.boot.autoconfigure.web.servlet.WelcomePageHandlerMapping  Adding welcome page template: index
2024-04-02 10:55:18.364 [main] INFO  org.apache.coyote.http11.Http11NioProtocol  Starting ProtocolHandler ["http-nio-8080"]
2024-04-02 10:55:18.426 [main] INFO  org.springframework.boot.web.embedded.tomcat.TomcatWebServer  Tomcat started on port(s): 8080 (http) with context path ''
2024-04-02 10:55:18.457 [main] INFO  com.pushpm.DbFile  Started DbFile in 10.661 seconds (JVM running for 14.24)
2024-04-02 10:55:22.325 [http-nio-8080-exec-1] INFO  org.apache.catalina.core.ContainerBase.[Tomcat].[localhost].[/]  Initializing Spring DispatcherServlet 'dispatcherServlet'
2024-04-02 10:55:22.325 [http-nio-8080-exec-1] INFO  org.springframework.web.servlet.DispatcherServlet  Initializing Servlet 'dispatcherServlet'
2024-04-02 10:55:22.344 [http-nio-8080-exec-1] INFO  org.springframework.web.servlet.DispatcherServlet  Completed initialization in 18 ms
2024-04-02 10:55:22.602 [http-nio-8080-exec-3] INFO  com.pushpm.controller.PushPmMessageController  5;1
2024-04-02 10:55:22.603 [http-nio-8080-exec-3] INFO  com.pushpm.controller.PushPmMessageController  ;
2024-04-02 10:55:23.859 [http-nio-8080-exec-3] INFO  com.pushpm.controller.PushPmMessageController  加密后的字符串:ENUY8JPy4S/cVFuHP+ueQQ==
2024-04-02 10:55:23.860 [http-nio-8080-exec-3] INFO  com.pushpm.controller.PushPmMessageController  TlCorpRecvMsgEnity{tableName='null', did='', msgPort='null', mobile='ENUY8JPy4S/cVFuHP+ueQQ==', msgContent='null', tplId='null', startTime='', endTime='', other='null'}
2024-04-02 10:55:24.194 [http-nio-8080-exec-3] INFO  com.alibaba.druid.pool.DruidDataSource  {dataSource-1} inited
2024-04-02 10:55:24.848 [http-nio-8080-exec-3] INFO  com.pushpm.controller.PushPmMessageController  获取到的数据:0
2024-04-02 10:55:28.209 [http-nio-8080-exec-6] INFO  com.pushpm.controller.PushPmMessageController  5;1
2024-04-02 10:55:28.210 [http-nio-8080-exec-6] INFO  com.pushpm.controller.PushPmMessageController  ;
2024-04-02 10:55:28.211 [http-nio-8080-exec-6] INFO  com.pushpm.controller.PushPmMessageController  加密后的字符串:ENUY8JPy4S/cVFuHP+ueQQ==
2024-04-02 10:55:28.211 [http-nio-8080-exec-6] INFO  com.pushpm.controller.PushPmMessageController  TlCorpRecvMsgEnity{tableName='null', did='', msgPort='null', mobile='ENUY8JPy4S/cVFuHP+ueQQ==', msgContent='null', tplId='null', startTime='', endTime='', other='null'}
2024-04-02 10:55:28.232 [http-nio-8080-exec-6] INFO  com.pushpm.controller.PushPmMessageController  获取到的数据:0
2024-04-02 10:55:39.516 [http-nio-8080-exec-7] INFO  com.pushpm.controller.PushPmMessageController  5;1
2024-04-02 10:55:39.517 [http-nio-8080-exec-7] INFO  com.pushpm.controller.PushPmMessageController  15881677315;
2024-04-02 10:55:39.517 [http-nio-8080-exec-7] INFO  com.pushpm.controller.PushPmMessageController  加密后的字符串:JXyoPIYeAinXaGLt5qMI7Q==
2024-04-02 10:55:39.517 [http-nio-8080-exec-7] INFO  com.pushpm.controller.PushPmMessageController  TlCorpRecvMsgEnity{tableName='null', did='', msgPort='null', mobile='JXyoPIYeAinXaGLt5qMI7Q==', msgContent='null', tplId='null', startTime='', endTime='', other='null'}
2024-04-02 10:55:39.544 [http-nio-8080-exec-7] INFO  com.pushpm.controller.PushPmMessageController  获取到的数据:5
2024-04-02 10:55:54.382 [http-nio-8080-exec-8] INFO  com.pushpm.controller.PushPmMessageController  selectParamstplId,recordTime
2024-04-02 10:55:54.652 [asyncServiceExecutor -1] INFO  com.pushpm.service.FileImportServiceHandle  查询完毕，共获取:7条记录
2024-04-02 10:55:54.653 [asyncServiceExecutor -1] INFO  com.pushpm.service.FileImportServiceHandle  keyrecordTime/value2023-12-01 10:59:38
2024-04-02 10:55:54.653 [asyncServiceExecutor -1] INFO  com.pushpm.service.FileImportServiceHandle  keytplId/value20070003
2024-04-02 10:55:54.654 [asyncServiceExecutor -1] INFO  com.pushpm.service.FileImportServiceHandle  keyrecordTime/value2023-12-01 11:00:26
2024-04-02 10:55:54.654 [asyncServiceExecutor -1] INFO  com.pushpm.service.FileImportServiceHandle  keytplId/value20070003
2024-04-02 10:55:54.654 [asyncServiceExecutor -1] INFO  com.pushpm.service.FileImportServiceHandle  keyrecordTime/value2023-12-11 11:12:36
2024-04-02 10:55:54.654 [asyncServiceExecutor -1] INFO  com.pushpm.service.FileImportServiceHandle  keytplId/value40022
2024-04-02 10:55:54.654 [asyncServiceExecutor -1] INFO  com.pushpm.service.FileImportServiceHandle  keyrecordTime/value2023-12-11 11:12:43
2024-04-02 10:55:54.654 [asyncServiceExecutor -1] INFO  com.pushpm.service.FileImportServiceHandle  keytplId/value40149
2024-04-02 10:55:54.654 [asyncServiceExecutor -1] INFO  com.pushpm.service.FileImportServiceHandle  keyrecordTime/value2023-12-11 11:12:50
2024-04-02 10:55:54.654 [asyncServiceExecutor -1] INFO  com.pushpm.service.FileImportServiceHandle  keytplId/value40022
2024-04-02 10:55:54.655 [asyncServiceExecutor -1] INFO  com.pushpm.service.FileImportServiceHandle  keyrecordTime/value2023-12-11 11:12:55
2024-04-02 10:55:54.655 [asyncServiceExecutor -1] INFO  com.pushpm.service.FileImportServiceHandle  keytplId/value40022
2024-04-02 10:55:54.655 [asyncServiceExecutor -1] INFO  com.pushpm.service.FileImportServiceHandle  keyrecordTime/value2023-12-11 11:13:14
2024-04-02 10:55:54.655 [asyncServiceExecutor -1] INFO  com.pushpm.service.FileImportServiceHandle  keytplId/value40149
2024-04-02 10:55:54.655 [asyncServiceExecutor -1] INFO  com.pushpm.service.FileImportServiceHandle  map:7D:\Documents\Desktop;tplId,recordTime
2024-04-02 10:55:54.671 [asyncServiceExecutor -1] INFO  com.pushpm.service.FileImportServiceHandle  开始遍历生产文件
2024-04-02 10:55:54.671 [asyncServiceExecutor -1] INFO  com.pushpm.service.FileImportServiceHandle  20070003|2023-12-01 10:59:38|

2024-04-02 10:55:54.737 [asyncServiceExecutor -1] INFO  com.pushpm.service.FileImportServiceHandle  20070003|2023-12-01 11:00:26|

2024-04-02 10:55:54.762 [asyncServiceExecutor -1] INFO  com.pushpm.service.FileImportServiceHandle  40022|2023-12-11 11:12:36|

2024-04-02 10:55:54.782 [asyncServiceExecutor -1] INFO  com.pushpm.service.FileImportServiceHandle  40149|2023-12-11 11:12:43|

2024-04-02 10:55:54.789 [asyncServiceExecutor -1] INFO  com.pushpm.service.FileImportServiceHandle  40022|2023-12-11 11:12:50|

2024-04-02 10:55:54.796 [asyncServiceExecutor -1] INFO  com.pushpm.service.FileImportServiceHandle  40022|2023-12-11 11:12:55|

2024-04-02 10:55:54.802 [asyncServiceExecutor -1] INFO  com.pushpm.service.FileImportServiceHandle  40149|2023-12-11 11:13:14|

2024-04-02 11:00:13.443 [main] INFO  com.pushpm.DbFile  Starting DbFile on DXITw10 with PID 12920 (E:\Idea\IDEA_Project\pushpm-dbfiles-services\target\classes started by LuoW in E:\Idea\IDEA_Project\pushpm-dbfiles-services)
2024-04-02 11:00:13.452 [main] INFO  com.pushpm.DbFile  No active profile set, falling back to default profiles: default
2024-04-02 11:00:17.137 [main] INFO  org.springframework.boot.web.embedded.tomcat.TomcatWebServer  Tomcat initialized with port(s): 8080 (http)
2024-04-02 11:00:17.163 [main] INFO  org.apache.coyote.http11.Http11NioProtocol  Initializing ProtocolHandler ["http-nio-8080"]
2024-04-02 11:00:17.164 [main] INFO  org.apache.catalina.core.StandardService  Starting service [Tomcat]
2024-04-02 11:00:17.165 [main] INFO  org.apache.catalina.core.StandardEngine  Starting Servlet engine: [Apache Tomcat/9.0.38]
2024-04-02 11:00:17.639 [main] INFO  org.apache.catalina.core.ContainerBase.[Tomcat].[localhost].[/]  Initializing Spring embedded WebApplicationContext
2024-04-02 11:00:17.639 [main] INFO  org.springframework.boot.web.servlet.context.ServletWebServerApplicationContext  Root WebApplicationContext: initialization completed in 4069 ms
2024-04-02 11:00:18.783 [main] INFO  org.springframework.scheduling.concurrent.ThreadPoolTaskExecutor  Initializing ExecutorService 'taskExecutor'
2024-04-02 11:00:19.235 [main] INFO  org.springframework.boot.autoconfigure.web.servlet.WelcomePageHandlerMapping  Adding welcome page template: index
2024-04-02 11:00:19.501 [main] INFO  org.apache.coyote.http11.Http11NioProtocol  Starting ProtocolHandler ["http-nio-8080"]
2024-04-02 11:00:19.537 [main] INFO  org.springframework.boot.web.embedded.tomcat.TomcatWebServer  Tomcat started on port(s): 8080 (http) with context path ''
2024-04-02 11:00:19.553 [main] INFO  com.pushpm.DbFile  Started DbFile in 6.809 seconds (JVM running for 8.194)
2024-04-02 11:00:57.253 [http-nio-8080-exec-1] INFO  org.apache.catalina.core.ContainerBase.[Tomcat].[localhost].[/]  Initializing Spring DispatcherServlet 'dispatcherServlet'
2024-04-02 11:00:57.254 [http-nio-8080-exec-1] INFO  org.springframework.web.servlet.DispatcherServlet  Initializing Servlet 'dispatcherServlet'
2024-04-02 11:00:57.268 [http-nio-8080-exec-1] INFO  org.springframework.web.servlet.DispatcherServlet  Completed initialization in 14 ms
2024-04-02 11:00:57.664 [http-nio-8080-exec-4] INFO  com.pushpm.controller.PushPmMessageController  5;1
2024-04-02 11:00:57.665 [http-nio-8080-exec-4] INFO  com.pushpm.controller.PushPmMessageController  ;
2024-04-02 11:00:58.779 [http-nio-8080-exec-4] INFO  com.pushpm.controller.PushPmMessageController  加密后的字符串:ENUY8JPy4S/cVFuHP+ueQQ==
2024-04-02 11:00:58.780 [http-nio-8080-exec-4] INFO  com.pushpm.controller.PushPmMessageController  TlCorpRecvMsgEnity{tableName='null', did='', msgPort='null', mobile='ENUY8JPy4S/cVFuHP+ueQQ==', msgContent='null', tplId='null', startTime='', endTime='', other='null'}
2024-04-02 11:00:59.094 [http-nio-8080-exec-4] INFO  com.alibaba.druid.pool.DruidDataSource  {dataSource-1} inited
2024-04-02 11:00:59.869 [http-nio-8080-exec-4] INFO  com.pushpm.controller.PushPmMessageController  获取到的数据:0
2024-04-02 11:02:16.317 [http-nio-8080-exec-8] INFO  com.pushpm.controller.PushPmMessageController  5;1
2024-04-02 11:02:16.317 [http-nio-8080-exec-8] INFO  com.pushpm.controller.PushPmMessageController  ;
2024-04-02 11:02:16.319 [http-nio-8080-exec-8] INFO  com.pushpm.controller.PushPmMessageController  加密后的字符串:ENUY8JPy4S/cVFuHP+ueQQ==
2024-04-02 11:02:16.319 [http-nio-8080-exec-8] INFO  com.pushpm.controller.PushPmMessageController  TlCorpRecvMsgEnity{tableName='null', did='', msgPort='null', mobile='ENUY8JPy4S/cVFuHP+ueQQ==', msgContent='null', tplId='null', startTime='', endTime='', other='null'}
2024-04-02 11:02:16.354 [http-nio-8080-exec-8] INFO  com.pushpm.controller.PushPmMessageController  获取到的数据:0
2024-04-02 11:02:23.691 [http-nio-8080-exec-9] INFO  com.pushpm.controller.PushPmMessageController  5;1
2024-04-02 11:02:23.691 [http-nio-8080-exec-9] INFO  com.pushpm.controller.PushPmMessageController  15881677315;
2024-04-02 11:02:23.691 [http-nio-8080-exec-9] INFO  com.pushpm.controller.PushPmMessageController  加密后的字符串:JXyoPIYeAinXaGLt5qMI7Q==
2024-04-02 11:02:23.691 [http-nio-8080-exec-9] INFO  com.pushpm.controller.PushPmMessageController  TlCorpRecvMsgEnity{tableName='null', did='', msgPort='null', mobile='JXyoPIYeAinXaGLt5qMI7Q==', msgContent='null', tplId='null', startTime='', endTime='', other='null'}
2024-04-02 11:02:23.718 [http-nio-8080-exec-9] INFO  com.pushpm.controller.PushPmMessageController  获取到的数据:5
2024-04-02 11:02:30.462 [http-nio-8080-exec-10] INFO  com.pushpm.controller.PushPmMessageController  selectParamscontent,tplId
2024-04-02 11:02:30.609 [asyncServiceExecutor -1] INFO  com.pushpm.service.FileImportServiceHandle  查询完毕，共获取:7条记录
2024-04-02 11:02:30.614 [asyncServiceExecutor -1] INFO  com.pushpm.service.FileImportServiceHandle  keytplId/value20070003
2024-04-02 11:02:30.614 [asyncServiceExecutor -1] INFO  com.pushpm.service.FileImportServiceHandle  keycontent/value【中国移动　视频彩铃】第二个短信内容(回复ARE不再接收)
2024-04-02 11:02:30.614 [asyncServiceExecutor -1] INFO  com.pushpm.service.FileImportServiceHandle  keytplId/value20070003
2024-04-02 11:02:30.614 [asyncServiceExecutor -1] INFO  com.pushpm.service.FileImportServiceHandle  keycontent/value【中国移动　视频彩铃】第二个短信内容(回复ARE不再接收)
2024-04-02 11:02:30.614 [asyncServiceExecutor -1] INFO  com.pushpm.service.FileImportServiceHandle  keytplId/value40022
2024-04-02 11:02:30.614 [asyncServiceExecutor -1] INFO  com.pushpm.service.FileImportServiceHandle  keycontent/value[[待办]：修改, 测试模板参数过滤(40149)完成，请审核。]
2024-04-02 11:02:30.614 [asyncServiceExecutor -1] INFO  com.pushpm.service.FileImportServiceHandle  keytplId/value40149
2024-04-02 11:02:30.614 [asyncServiceExecutor -1] INFO  com.pushpm.service.FileImportServiceHandle  keycontent/value【中国移动　咪咕音乐】测试参数1,2 (回复REF不再接收)
2024-04-02 11:02:30.614 [asyncServiceExecutor -1] INFO  com.pushpm.service.FileImportServiceHandle  keytplId/value40022
2024-04-02 11:02:30.615 [asyncServiceExecutor -1] INFO  com.pushpm.service.FileImportServiceHandle  keycontent/value[[回执]：审核, 测试模板参数过滤(40149)完成，审核结果：审核通过]
2024-04-02 11:02:30.615 [asyncServiceExecutor -1] INFO  com.pushpm.service.FileImportServiceHandle  keytplId/value40022
2024-04-02 11:02:30.615 [asyncServiceExecutor -1] INFO  com.pushpm.service.FileImportServiceHandle  keycontent/value[[回执]：执行, 测试模板参数过滤(40149)完成。结果：执行通过]
2024-04-02 11:02:30.615 [asyncServiceExecutor -1] INFO  com.pushpm.service.FileImportServiceHandle  keytplId/value40149
2024-04-02 11:02:30.615 [asyncServiceExecutor -1] INFO  com.pushpm.service.FileImportServiceHandle  keycontent/value【中国移动　咪咕音乐】测试参数123,黄赌毒 (回复REF不再接收)
2024-04-02 11:02:30.615 [asyncServiceExecutor -1] INFO  com.pushpm.service.FileImportServiceHandle  map:7;content,tplId
2024-04-02 11:02:35.515 [http-nio-8080-exec-1] INFO  com.pushpm.controller.PushPmMessageController  5;1
2024-04-02 11:02:35.515 [http-nio-8080-exec-1] INFO  com.pushpm.controller.PushPmMessageController  15881677315;
2024-04-02 11:02:35.516 [http-nio-8080-exec-1] INFO  com.pushpm.controller.PushPmMessageController  加密后的字符串:JXyoPIYeAinXaGLt5qMI7Q==
2024-04-02 11:02:35.516 [http-nio-8080-exec-1] INFO  com.pushpm.controller.PushPmMessageController  TlCorpRecvMsgEnity{tableName='null', did='', msgPort='null', mobile='JXyoPIYeAinXaGLt5qMI7Q==', msgContent='null', tplId='null', startTime='', endTime='', other='null'}
2024-04-02 11:02:35.528 [http-nio-8080-exec-1] INFO  com.pushpm.controller.PushPmMessageController  获取到的数据:5
2024-04-02 11:03:35.240 [http-nio-8080-exec-5] INFO  com.pushpm.controller.PushPmMessageController  5;1
2024-04-02 11:03:35.240 [http-nio-8080-exec-5] INFO  com.pushpm.controller.PushPmMessageController  ;
2024-04-02 11:03:35.241 [http-nio-8080-exec-5] INFO  com.pushpm.controller.PushPmMessageController  加密后的字符串:ENUY8JPy4S/cVFuHP+ueQQ==
2024-04-02 11:03:35.241 [http-nio-8080-exec-5] INFO  com.pushpm.controller.PushPmMessageController  TlCorpRecvMsgEnity{tableName='null', did='', msgPort='null', mobile='ENUY8JPy4S/cVFuHP+ueQQ==', msgContent='null', tplId='null', startTime='', endTime='', other='null'}
2024-04-02 11:03:35.263 [http-nio-8080-exec-5] INFO  com.pushpm.controller.PushPmMessageController  获取到的数据:0
2024-04-02 11:03:38.172 [http-nio-8080-exec-7] INFO  com.pushpm.controller.PushPmMessageController  5;1
2024-04-02 11:03:38.172 [http-nio-8080-exec-7] INFO  com.pushpm.controller.PushPmMessageController  ;
2024-04-02 11:03:38.173 [http-nio-8080-exec-7] INFO  com.pushpm.controller.PushPmMessageController  加密后的字符串:ENUY8JPy4S/cVFuHP+ueQQ==
2024-04-02 11:03:38.173 [http-nio-8080-exec-7] INFO  com.pushpm.controller.PushPmMessageController  TlCorpRecvMsgEnity{tableName='null', did='', msgPort='null', mobile='ENUY8JPy4S/cVFuHP+ueQQ==', msgContent='null', tplId='null', startTime='', endTime='', other='null'}
2024-04-02 11:03:38.192 [http-nio-8080-exec-7] INFO  com.pushpm.controller.PushPmMessageController  获取到的数据:0
2024-04-02 11:03:40.719 [http-nio-8080-exec-9] INFO  com.pushpm.controller.PushPmMessageController  5;1
2024-04-02 11:03:40.720 [http-nio-8080-exec-9] INFO  com.pushpm.controller.PushPmMessageController  ;
2024-04-02 11:03:40.720 [http-nio-8080-exec-9] INFO  com.pushpm.controller.PushPmMessageController  加密后的字符串:ENUY8JPy4S/cVFuHP+ueQQ==
2024-04-02 11:03:40.720 [http-nio-8080-exec-9] INFO  com.pushpm.controller.PushPmMessageController  TlCorpRecvMsgEnity{tableName='null', did='', msgPort='null', mobile='ENUY8JPy4S/cVFuHP+ueQQ==', msgContent='null', tplId='null', startTime='', endTime='', other='null'}
2024-04-02 11:03:40.744 [http-nio-8080-exec-9] INFO  com.pushpm.controller.PushPmMessageController  获取到的数据:0
2024-04-02 11:04:06.372 [http-nio-8080-exec-10] INFO  com.pushpm.controller.PushPmMessageController  5;1
2024-04-02 11:04:06.373 [http-nio-8080-exec-10] INFO  com.pushpm.controller.PushPmMessageController  15881677315;
2024-04-02 11:04:06.374 [http-nio-8080-exec-10] INFO  com.pushpm.controller.PushPmMessageController  加密后的字符串:JXyoPIYeAinXaGLt5qMI7Q==
2024-04-02 11:04:06.374 [http-nio-8080-exec-10] INFO  com.pushpm.controller.PushPmMessageController  TlCorpRecvMsgEnity{tableName='null', did='', msgPort='null', mobile='JXyoPIYeAinXaGLt5qMI7Q==', msgContent='null', tplId='null', startTime='', endTime='', other='null'}
2024-04-02 11:04:06.394 [http-nio-8080-exec-10] INFO  com.pushpm.controller.PushPmMessageController  获取到的数据:5
2024-04-02 11:04:13.924 [http-nio-8080-exec-1] INFO  com.pushpm.controller.PushPmMessageController  selectParams
2024-04-02 11:04:13.948 [asyncServiceExecutor -2] INFO  com.pushpm.service.FileImportServiceHandle  查询完毕，共获取:7条记录
2024-04-02 11:04:13.948 [asyncServiceExecutor -2] INFO  com.pushpm.service.FileImportServiceHandle  map:7;
2024-04-02 11:10:39.344 [http-nio-8080-exec-8] INFO  com.pushpm.controller.PushPmMessageController  5;1
2024-04-02 11:10:39.345 [http-nio-8080-exec-8] INFO  com.pushpm.controller.PushPmMessageController  ;
2024-04-02 11:10:39.345 [http-nio-8080-exec-8] INFO  com.pushpm.controller.PushPmMessageController  加密后的字符串:ENUY8JPy4S/cVFuHP+ueQQ==
2024-04-02 11:10:39.345 [http-nio-8080-exec-8] INFO  com.pushpm.controller.PushPmMessageController  TlCorpRecvMsgEnity{tableName='null', did='', msgPort='null', mobile='ENUY8JPy4S/cVFuHP+ueQQ==', msgContent='null', tplId='null', startTime='', endTime='', other='null'}
2024-04-02 11:10:39.365 [http-nio-8080-exec-8] INFO  com.pushpm.controller.PushPmMessageController  获取到的数据:0
2024-04-02 11:10:42.763 [http-nio-8080-exec-3] INFO  com.pushpm.controller.PushPmMessageController  5;1
2024-04-02 11:10:42.764 [http-nio-8080-exec-3] INFO  com.pushpm.controller.PushPmMessageController  ;
2024-04-02 11:10:42.764 [http-nio-8080-exec-3] INFO  com.pushpm.controller.PushPmMessageController  加密后的字符串:ENUY8JPy4S/cVFuHP+ueQQ==
2024-04-02 11:10:42.764 [http-nio-8080-exec-3] INFO  com.pushpm.controller.PushPmMessageController  TlCorpRecvMsgEnity{tableName='null', did='', msgPort='null', mobile='ENUY8JPy4S/cVFuHP+ueQQ==', msgContent='null', tplId='null', startTime='', endTime='', other='null'}
2024-04-02 11:10:42.780 [http-nio-8080-exec-3] INFO  com.pushpm.controller.PushPmMessageController  获取到的数据:0
2024-04-02 11:14:42.843 [http-nio-8080-exec-8] INFO  com.pushpm.controller.PushPmMessageController  5;1
2024-04-02 11:14:42.843 [http-nio-8080-exec-8] INFO  com.pushpm.controller.PushPmMessageController  ;
2024-04-02 11:14:42.843 [http-nio-8080-exec-8] INFO  com.pushpm.controller.PushPmMessageController  加密后的字符串:ENUY8JPy4S/cVFuHP+ueQQ==
2024-04-02 11:14:42.843 [http-nio-8080-exec-8] INFO  com.pushpm.controller.PushPmMessageController  TlCorpRecvMsgEnity{tableName='null', did='', msgPort='null', mobile='ENUY8JPy4S/cVFuHP+ueQQ==', msgContent='null', tplId='null', startTime='', endTime='', other='null'}
2024-04-02 11:14:42.865 [http-nio-8080-exec-8] INFO  com.pushpm.controller.PushPmMessageController  获取到的数据:0
2024-04-02 11:14:47.924 [http-nio-8080-exec-3] INFO  com.pushpm.controller.PushPmMessageController  5;1
2024-04-02 11:14:47.924 [http-nio-8080-exec-3] INFO  com.pushpm.controller.PushPmMessageController  ;
2024-04-02 11:14:47.925 [http-nio-8080-exec-3] INFO  com.pushpm.controller.PushPmMessageController  加密后的字符串:ENUY8JPy4S/cVFuHP+ueQQ==
2024-04-02 11:14:47.926 [http-nio-8080-exec-3] INFO  com.pushpm.controller.PushPmMessageController  TlCorpRecvMsgEnity{tableName='null', did='', msgPort='null', mobile='ENUY8JPy4S/cVFuHP+ueQQ==', msgContent='null', tplId='null', startTime='', endTime='', other='null'}
2024-04-02 11:14:47.947 [http-nio-8080-exec-3] INFO  com.pushpm.controller.PushPmMessageController  获取到的数据:0
2024-04-02 11:19:16.464 [http-nio-8080-exec-8] INFO  com.pushpm.controller.PushPmMessageController  5;1
2024-04-02 11:19:16.464 [http-nio-8080-exec-8] INFO  com.pushpm.controller.PushPmMessageController  ;
2024-04-02 11:19:16.465 [http-nio-8080-exec-8] INFO  com.pushpm.controller.PushPmMessageController  加密后的字符串:ENUY8JPy4S/cVFuHP+ueQQ==
2024-04-02 11:19:16.465 [http-nio-8080-exec-8] INFO  com.pushpm.controller.PushPmMessageController  TlCorpRecvMsgEnity{tableName='null', did='', msgPort='null', mobile='ENUY8JPy4S/cVFuHP+ueQQ==', msgContent='null', tplId='null', startTime='', endTime='', other='null'}
2024-04-02 11:19:16.486 [http-nio-8080-exec-8] INFO  com.pushpm.controller.PushPmMessageController  获取到的数据:0
2024-04-02 11:19:19.195 [http-nio-8080-exec-3] INFO  com.pushpm.controller.PushPmMessageController  5;1
2024-04-02 11:19:19.195 [http-nio-8080-exec-3] INFO  com.pushpm.controller.PushPmMessageController  ;
2024-04-02 11:19:19.196 [http-nio-8080-exec-3] INFO  com.pushpm.controller.PushPmMessageController  加密后的字符串:ENUY8JPy4S/cVFuHP+ueQQ==
2024-04-02 11:19:19.196 [http-nio-8080-exec-3] INFO  com.pushpm.controller.PushPmMessageController  TlCorpRecvMsgEnity{tableName='null', did='', msgPort='null', mobile='ENUY8JPy4S/cVFuHP+ueQQ==', msgContent='null', tplId='null', startTime='', endTime='', other='null'}
2024-04-02 11:19:19.213 [http-nio-8080-exec-3] INFO  com.pushpm.controller.PushPmMessageController  获取到的数据:0
2024-04-02 11:20:05.174 [http-nio-8080-exec-6] INFO  com.pushpm.controller.PushPmMessageController  5;1
2024-04-02 11:20:05.175 [http-nio-8080-exec-6] INFO  com.pushpm.controller.PushPmMessageController  ;
2024-04-02 11:20:05.175 [http-nio-8080-exec-6] INFO  com.pushpm.controller.PushPmMessageController  加密后的字符串:ENUY8JPy4S/cVFuHP+ueQQ==
2024-04-02 11:20:05.176 [http-nio-8080-exec-6] INFO  com.pushpm.controller.PushPmMessageController  TlCorpRecvMsgEnity{tableName='null', did='', msgPort='null', mobile='ENUY8JPy4S/cVFuHP+ueQQ==', msgContent='null', tplId='null', startTime='', endTime='', other='null'}
2024-04-02 11:20:05.193 [http-nio-8080-exec-6] INFO  com.pushpm.controller.PushPmMessageController  获取到的数据:0
2024-04-02 11:22:59.126 [http-nio-8080-exec-3] INFO  com.pushpm.controller.PushPmMessageController  5;1
2024-04-02 11:22:59.127 [http-nio-8080-exec-3] INFO  com.pushpm.controller.PushPmMessageController  ;
2024-04-02 11:22:59.127 [http-nio-8080-exec-3] INFO  com.pushpm.controller.PushPmMessageController  加密后的字符串:ENUY8JPy4S/cVFuHP+ueQQ==
2024-04-02 11:22:59.127 [http-nio-8080-exec-3] INFO  com.pushpm.controller.PushPmMessageController  TlCorpRecvMsgEnity{tableName='null', did='', msgPort='null', mobile='ENUY8JPy4S/cVFuHP+ueQQ==', msgContent='null', tplId='null', startTime='', endTime='', other='null'}
2024-04-02 11:22:59.154 [http-nio-8080-exec-3] INFO  com.pushpm.controller.PushPmMessageController  获取到的数据:0
2024-04-02 11:23:01.435 [http-nio-8080-exec-5] INFO  com.pushpm.controller.PushPmMessageController  5;1
2024-04-02 11:23:01.435 [http-nio-8080-exec-5] INFO  com.pushpm.controller.PushPmMessageController  ;
2024-04-02 11:23:01.436 [http-nio-8080-exec-5] INFO  com.pushpm.controller.PushPmMessageController  加密后的字符串:ENUY8JPy4S/cVFuHP+ueQQ==
2024-04-02 11:23:01.436 [http-nio-8080-exec-5] INFO  com.pushpm.controller.PushPmMessageController  TlCorpRecvMsgEnity{tableName='null', did='', msgPort='null', mobile='ENUY8JPy4S/cVFuHP+ueQQ==', msgContent='null', tplId='null', startTime='', endTime='', other='null'}
2024-04-02 11:23:01.454 [http-nio-8080-exec-5] INFO  com.pushpm.controller.PushPmMessageController  获取到的数据:0
2024-04-02 11:23:04.411 [http-nio-8080-exec-8] INFO  com.pushpm.controller.PushPmMessageController  5;1
2024-04-02 11:23:04.411 [http-nio-8080-exec-8] INFO  com.pushpm.controller.PushPmMessageController  ;
2024-04-02 11:23:04.412 [http-nio-8080-exec-8] INFO  com.pushpm.controller.PushPmMessageController  加密后的字符串:ENUY8JPy4S/cVFuHP+ueQQ==
2024-04-02 11:23:04.412 [http-nio-8080-exec-8] INFO  com.pushpm.controller.PushPmMessageController  TlCorpRecvMsgEnity{tableName='null', did='', msgPort='null', mobile='ENUY8JPy4S/cVFuHP+ueQQ==', msgContent='null', tplId='null', startTime='', endTime='', other='null'}
2024-04-02 11:23:04.432 [http-nio-8080-exec-8] INFO  com.pushpm.controller.PushPmMessageController  获取到的数据:0
2024-04-02 11:23:24.555 [http-nio-8080-exec-1] INFO  com.pushpm.controller.PushPmMessageController  5;1
2024-04-02 11:23:24.555 [http-nio-8080-exec-1] INFO  com.pushpm.controller.PushPmMessageController  ;
2024-04-02 11:23:24.555 [http-nio-8080-exec-1] INFO  com.pushpm.controller.PushPmMessageController  加密后的字符串:ENUY8JPy4S/cVFuHP+ueQQ==
2024-04-02 11:23:24.555 [http-nio-8080-exec-1] INFO  com.pushpm.controller.PushPmMessageController  TlCorpRecvMsgEnity{tableName='null', did='', msgPort='null', mobile='ENUY8JPy4S/cVFuHP+ueQQ==', msgContent='null', tplId='null', startTime='', endTime='', other='null'}
2024-04-02 11:23:24.575 [http-nio-8080-exec-1] INFO  com.pushpm.controller.PushPmMessageController  获取到的数据:0
2024-04-02 11:23:25.145 [http-nio-8080-exec-4] INFO  com.pushpm.controller.PushPmMessageController  5;1
2024-04-02 11:23:25.145 [http-nio-8080-exec-4] INFO  com.pushpm.controller.PushPmMessageController  ;
2024-04-02 11:23:25.145 [http-nio-8080-exec-4] INFO  com.pushpm.controller.PushPmMessageController  加密后的字符串:ENUY8JPy4S/cVFuHP+ueQQ==
2024-04-02 11:23:25.146 [http-nio-8080-exec-4] INFO  com.pushpm.controller.PushPmMessageController  TlCorpRecvMsgEnity{tableName='null', did='', msgPort='null', mobile='ENUY8JPy4S/cVFuHP+ueQQ==', msgContent='null', tplId='null', startTime='', endTime='', other='null'}
2024-04-02 11:23:25.163 [http-nio-8080-exec-4] INFO  com.pushpm.controller.PushPmMessageController  获取到的数据:0
2024-04-02 11:23:35.545 [http-nio-8080-exec-5] INFO  com.pushpm.controller.PushPmMessageController  5;1
2024-04-02 11:23:35.546 [http-nio-8080-exec-5] INFO  com.pushpm.controller.PushPmMessageController  ;
2024-04-02 11:23:35.546 [http-nio-8080-exec-5] INFO  com.pushpm.controller.PushPmMessageController  加密后的字符串:ENUY8JPy4S/cVFuHP+ueQQ==
2024-04-02 11:23:35.546 [http-nio-8080-exec-5] INFO  com.pushpm.controller.PushPmMessageController  TlCorpRecvMsgEnity{tableName='null', did='', msgPort='null', mobile='ENUY8JPy4S/cVFuHP+ueQQ==', msgContent='null', tplId='null', startTime='', endTime='', other='null'}
2024-04-02 11:23:35.571 [http-nio-8080-exec-5] INFO  com.pushpm.controller.PushPmMessageController  获取到的数据:0
2024-04-02 11:23:36.916 [http-nio-8080-exec-7] INFO  com.pushpm.controller.PushPmMessageController  5;1
2024-04-02 11:23:36.917 [http-nio-8080-exec-7] INFO  com.pushpm.controller.PushPmMessageController  ;
2024-04-02 11:23:36.917 [http-nio-8080-exec-7] INFO  com.pushpm.controller.PushPmMessageController  加密后的字符串:ENUY8JPy4S/cVFuHP+ueQQ==
2024-04-02 11:23:36.917 [http-nio-8080-exec-7] INFO  com.pushpm.controller.PushPmMessageController  TlCorpRecvMsgEnity{tableName='null', did='', msgPort='null', mobile='ENUY8JPy4S/cVFuHP+ueQQ==', msgContent='null', tplId='null', startTime='', endTime='', other='null'}
2024-04-02 11:23:36.934 [http-nio-8080-exec-7] INFO  com.pushpm.controller.PushPmMessageController  获取到的数据:0
2024-04-02 11:23:37.579 [http-nio-8080-exec-9] INFO  com.pushpm.controller.PushPmMessageController  5;1
2024-04-02 11:23:37.579 [http-nio-8080-exec-9] INFO  com.pushpm.controller.PushPmMessageController  ;
2024-04-02 11:23:37.579 [http-nio-8080-exec-9] INFO  com.pushpm.controller.PushPmMessageController  加密后的字符串:ENUY8JPy4S/cVFuHP+ueQQ==
2024-04-02 11:23:37.579 [http-nio-8080-exec-9] INFO  com.pushpm.controller.PushPmMessageController  TlCorpRecvMsgEnity{tableName='null', did='', msgPort='null', mobile='ENUY8JPy4S/cVFuHP+ueQQ==', msgContent='null', tplId='null', startTime='', endTime='', other='null'}
2024-04-02 11:23:37.596 [http-nio-8080-exec-9] INFO  com.pushpm.controller.PushPmMessageController  获取到的数据:0
2024-04-02 11:23:41.612 [http-nio-8080-exec-1] INFO  com.pushpm.controller.PushPmMessageController  5;1
2024-04-02 11:23:41.612 [http-nio-8080-exec-1] INFO  com.pushpm.controller.PushPmMessageController  ;
2024-04-02 11:23:41.613 [http-nio-8080-exec-1] INFO  com.pushpm.controller.PushPmMessageController  加密后的字符串:ENUY8JPy4S/cVFuHP+ueQQ==
2024-04-02 11:23:41.613 [http-nio-8080-exec-1] INFO  com.pushpm.controller.PushPmMessageController  TlCorpRecvMsgEnity{tableName='null', did='', msgPort='null', mobile='ENUY8JPy4S/cVFuHP+ueQQ==', msgContent='null', tplId='null', startTime='', endTime='', other='null'}
2024-04-02 11:23:41.629 [http-nio-8080-exec-1] INFO  com.pushpm.controller.PushPmMessageController  获取到的数据:0
2024-04-02 11:24:04.331 [http-nio-8080-exec-5] INFO  com.pushpm.controller.PushPmMessageController  5;1
2024-04-02 11:24:04.331 [http-nio-8080-exec-5] INFO  com.pushpm.controller.PushPmMessageController  ;
2024-04-02 11:24:04.331 [http-nio-8080-exec-5] INFO  com.pushpm.controller.PushPmMessageController  加密后的字符串:ENUY8JPy4S/cVFuHP+ueQQ==
2024-04-02 11:24:04.332 [http-nio-8080-exec-5] INFO  com.pushpm.controller.PushPmMessageController  TlCorpRecvMsgEnity{tableName='null', did='', msgPort='null', mobile='ENUY8JPy4S/cVFuHP+ueQQ==', msgContent='null', tplId='null', startTime='', endTime='', other='null'}
2024-04-02 11:24:04.347 [http-nio-8080-exec-5] INFO  com.pushpm.controller.PushPmMessageController  获取到的数据:0
2024-04-02 11:26:31.525 [http-nio-8080-exec-3] INFO  com.pushpm.controller.PushPmMessageController  5;1
2024-04-02 11:26:31.526 [http-nio-8080-exec-3] INFO  com.pushpm.controller.PushPmMessageController  ;
2024-04-02 11:26:31.526 [http-nio-8080-exec-3] INFO  com.pushpm.controller.PushPmMessageController  加密后的字符串:ENUY8JPy4S/cVFuHP+ueQQ==
2024-04-02 11:26:31.526 [http-nio-8080-exec-3] INFO  com.pushpm.controller.PushPmMessageController  TlCorpRecvMsgEnity{tableName='null', did='', msgPort='null', mobile='ENUY8JPy4S/cVFuHP+ueQQ==', msgContent='null', tplId='null', startTime='', endTime='', other='null'}
2024-04-02 11:26:31.545 [http-nio-8080-exec-3] INFO  com.pushpm.controller.PushPmMessageController  获取到的数据:0
2024-04-02 11:26:45.796 [http-nio-8080-exec-1] INFO  com.pushpm.controller.PushPmMessageController  5;1
2024-04-02 11:26:45.810 [http-nio-8080-exec-1] INFO  com.pushpm.controller.PushPmMessageController  ;
2024-04-02 11:26:45.811 [http-nio-8080-exec-1] INFO  com.pushpm.controller.PushPmMessageController  加密后的字符串:ENUY8JPy4S/cVFuHP+ueQQ==
2024-04-02 11:26:45.811 [http-nio-8080-exec-1] INFO  com.pushpm.controller.PushPmMessageController  TlCorpRecvMsgEnity{tableName='null', did='', msgPort='null', mobile='ENUY8JPy4S/cVFuHP+ueQQ==', msgContent='null', tplId='null', startTime='', endTime='', other='null'}
2024-04-02 11:26:45.831 [http-nio-8080-exec-1] INFO  com.pushpm.controller.PushPmMessageController  获取到的数据:0
2024-04-02 11:27:39.503 [http-nio-8080-exec-9] INFO  com.pushpm.controller.PushPmMessageController  5;1
2024-04-02 11:27:39.503 [http-nio-8080-exec-9] INFO  com.pushpm.controller.PushPmMessageController  ;
2024-04-02 11:27:39.503 [http-nio-8080-exec-9] INFO  com.pushpm.controller.PushPmMessageController  加密后的字符串:ENUY8JPy4S/cVFuHP+ueQQ==
2024-04-02 11:27:39.503 [http-nio-8080-exec-9] INFO  com.pushpm.controller.PushPmMessageController  TlCorpRecvMsgEnity{tableName='null', did='', msgPort='null', mobile='ENUY8JPy4S/cVFuHP+ueQQ==', msgContent='null', tplId='null', startTime='', endTime='', other='null'}
2024-04-02 11:27:39.519 [http-nio-8080-exec-9] INFO  com.pushpm.controller.PushPmMessageController  获取到的数据:0
2024-04-02 11:28:11.658 [main] INFO  com.pushpm.DbFile  Starting DbFile on DXITw10 with PID 15280 (E:\Idea\IDEA_Project\pushpm-dbfiles-services\target\classes started by LuoW in E:\Idea\IDEA_Project\pushpm-dbfiles-services)
2024-04-02 11:28:11.674 [main] INFO  com.pushpm.DbFile  No active profile set, falling back to default profiles: default
2024-04-02 11:28:16.106 [main] INFO  org.springframework.boot.web.embedded.tomcat.TomcatWebServer  Tomcat initialized with port(s): 8080 (http)
2024-04-02 11:28:16.138 [main] INFO  org.apache.coyote.http11.Http11NioProtocol  Initializing ProtocolHandler ["http-nio-8080"]
2024-04-02 11:28:16.138 [main] INFO  org.apache.catalina.core.StandardService  Starting service [Tomcat]
2024-04-02 11:28:16.138 [main] INFO  org.apache.catalina.core.StandardEngine  Starting Servlet engine: [Apache Tomcat/9.0.38]
2024-04-02 11:28:16.435 [main] INFO  org.apache.catalina.core.ContainerBase.[Tomcat].[localhost].[/]  Initializing Spring embedded WebApplicationContext
2024-04-02 11:28:16.435 [main] INFO  org.springframework.boot.web.servlet.context.ServletWebServerApplicationContext  Root WebApplicationContext: initialization completed in 4652 ms
2024-04-02 11:28:17.450 [main] INFO  org.springframework.scheduling.concurrent.ThreadPoolTaskExecutor  Initializing ExecutorService 'taskExecutor'
2024-04-02 11:28:18.669 [main] INFO  org.springframework.boot.autoconfigure.web.servlet.WelcomePageHandlerMapping  Adding welcome page template: index
2024-04-02 11:28:19.544 [main] INFO  org.apache.coyote.http11.Http11NioProtocol  Starting ProtocolHandler ["http-nio-8080"]
2024-04-02 11:28:19.622 [main] INFO  org.springframework.boot.web.embedded.tomcat.TomcatWebServer  Tomcat started on port(s): 8080 (http) with context path ''
2024-04-02 11:28:19.653 [main] INFO  com.pushpm.DbFile  Started DbFile in 8.817 seconds (JVM running for 10.238)
2024-04-02 11:28:35.994 [http-nio-8080-exec-1] INFO  org.apache.catalina.core.ContainerBase.[Tomcat].[localhost].[/]  Initializing Spring DispatcherServlet 'dispatcherServlet'
2024-04-02 11:28:35.994 [http-nio-8080-exec-1] INFO  org.springframework.web.servlet.DispatcherServlet  Initializing Servlet 'dispatcherServlet'
2024-04-02 11:28:36.010 [http-nio-8080-exec-1] INFO  org.springframework.web.servlet.DispatcherServlet  Completed initialization in 16 ms
2024-04-02 11:28:36.235 [http-nio-8080-exec-3] INFO  com.pushpm.controller.PushPmMessageController  5;1
2024-04-02 11:28:36.236 [http-nio-8080-exec-3] INFO  com.pushpm.controller.PushPmMessageController  ;
2024-04-02 11:28:37.159 [http-nio-8080-exec-3] INFO  com.pushpm.controller.PushPmMessageController  加密后的字符串:ENUY8JPy4S/cVFuHP+ueQQ==
2024-04-02 11:28:37.159 [http-nio-8080-exec-3] INFO  com.pushpm.controller.PushPmMessageController  TlCorpRecvMsgEnity{tableName='null', did='', msgPort='null', mobile='ENUY8JPy4S/cVFuHP+ueQQ==', msgContent='null', tplId='null', startTime='', endTime='', other='null'}
2024-04-02 11:28:37.425 [http-nio-8080-exec-3] INFO  com.alibaba.druid.pool.DruidDataSource  {dataSource-1} inited
2024-04-02 11:28:37.923 [http-nio-8080-exec-3] INFO  com.pushpm.controller.PushPmMessageController  获取到的数据:0
2024-04-02 11:29:03.050 [http-nio-8080-exec-9] INFO  com.pushpm.controller.PushPmMessageController  5;1
2024-04-02 11:29:03.050 [http-nio-8080-exec-9] INFO  com.pushpm.controller.PushPmMessageController  ;
2024-04-02 11:29:03.054 [http-nio-8080-exec-9] INFO  com.pushpm.controller.PushPmMessageController  加密后的字符串:ENUY8JPy4S/cVFuHP+ueQQ==
2024-04-02 11:29:03.054 [http-nio-8080-exec-9] INFO  com.pushpm.controller.PushPmMessageController  TlCorpRecvMsgEnity{tableName='null', did='', msgPort='null', mobile='ENUY8JPy4S/cVFuHP+ueQQ==', msgContent='null', tplId='null', startTime='', endTime='', other='null'}
2024-04-02 11:29:03.074 [http-nio-8080-exec-9] INFO  com.pushpm.controller.PushPmMessageController  获取到的数据:0
2024-04-02 11:29:03.993 [http-nio-8080-exec-6] INFO  com.pushpm.controller.PushPmMessageController  5;1
2024-04-02 11:29:03.994 [http-nio-8080-exec-6] INFO  com.pushpm.controller.PushPmMessageController  ;
2024-04-02 11:29:03.995 [http-nio-8080-exec-6] INFO  com.pushpm.controller.PushPmMessageController  加密后的字符串:ENUY8JPy4S/cVFuHP+ueQQ==
2024-04-02 11:29:03.995 [http-nio-8080-exec-6] INFO  com.pushpm.controller.PushPmMessageController  TlCorpRecvMsgEnity{tableName='null', did='', msgPort='null', mobile='ENUY8JPy4S/cVFuHP+ueQQ==', msgContent='null', tplId='null', startTime='', endTime='', other='null'}
2024-04-02 11:29:04.016 [http-nio-8080-exec-6] INFO  com.pushpm.controller.PushPmMessageController  获取到的数据:0
2024-04-02 11:29:08.051 [http-nio-8080-exec-2] INFO  com.pushpm.controller.PushPmMessageController  5;1
2024-04-02 11:29:08.052 [http-nio-8080-exec-2] INFO  com.pushpm.controller.PushPmMessageController  ;
2024-04-02 11:29:08.052 [http-nio-8080-exec-2] INFO  com.pushpm.controller.PushPmMessageController  加密后的字符串:ENUY8JPy4S/cVFuHP+ueQQ==
2024-04-02 11:29:08.052 [http-nio-8080-exec-2] INFO  com.pushpm.controller.PushPmMessageController  TlCorpRecvMsgEnity{tableName='null', did='', msgPort='null', mobile='ENUY8JPy4S/cVFuHP+ueQQ==', msgContent='null', tplId='null', startTime='', endTime='', other='null'}
2024-04-02 11:29:08.073 [http-nio-8080-exec-2] INFO  com.pushpm.controller.PushPmMessageController  获取到的数据:0
2024-04-02 11:29:08.664 [http-nio-8080-exec-4] INFO  com.pushpm.controller.PushPmMessageController  5;1
2024-04-02 11:29:08.665 [http-nio-8080-exec-4] INFO  com.pushpm.controller.PushPmMessageController  ;
2024-04-02 11:29:08.665 [http-nio-8080-exec-4] INFO  com.pushpm.controller.PushPmMessageController  加密后的字符串:ENUY8JPy4S/cVFuHP+ueQQ==
2024-04-02 11:29:08.665 [http-nio-8080-exec-4] INFO  com.pushpm.controller.PushPmMessageController  TlCorpRecvMsgEnity{tableName='null', did='', msgPort='null', mobile='ENUY8JPy4S/cVFuHP+ueQQ==', msgContent='null', tplId='null', startTime='', endTime='', other='null'}
2024-04-02 11:29:08.688 [http-nio-8080-exec-4] INFO  com.pushpm.controller.PushPmMessageController  获取到的数据:0
2024-04-02 11:29:09.130 [http-nio-8080-exec-8] INFO  com.pushpm.controller.PushPmMessageController  5;1
2024-04-02 11:29:09.130 [http-nio-8080-exec-8] INFO  com.pushpm.controller.PushPmMessageController  ;
2024-04-02 11:29:09.131 [http-nio-8080-exec-8] INFO  com.pushpm.controller.PushPmMessageController  加密后的字符串:ENUY8JPy4S/cVFuHP+ueQQ==
2024-04-02 11:29:09.131 [http-nio-8080-exec-8] INFO  com.pushpm.controller.PushPmMessageController  TlCorpRecvMsgEnity{tableName='null', did='', msgPort='null', mobile='ENUY8JPy4S/cVFuHP+ueQQ==', msgContent='null', tplId='null', startTime='', endTime='', other='null'}
2024-04-02 11:29:09.150 [http-nio-8080-exec-8] INFO  com.pushpm.controller.PushPmMessageController  获取到的数据:0
2024-04-02 11:29:23.340 [http-nio-8080-exec-5] INFO  com.pushpm.controller.PushPmMessageController  5;1
2024-04-02 11:29:23.341 [http-nio-8080-exec-5] INFO  com.pushpm.controller.PushPmMessageController  ;
2024-04-02 11:29:23.341 [http-nio-8080-exec-5] INFO  com.pushpm.controller.PushPmMessageController  加密后的字符串:ENUY8JPy4S/cVFuHP+ueQQ==
2024-04-02 11:29:23.342 [http-nio-8080-exec-5] INFO  com.pushpm.controller.PushPmMessageController  TlCorpRecvMsgEnity{tableName='null', did='', msgPort='null', mobile='ENUY8JPy4S/cVFuHP+ueQQ==', msgContent='null', tplId='null', startTime='', endTime='', other='null'}
2024-04-02 11:29:23.362 [http-nio-8080-exec-5] INFO  com.pushpm.controller.PushPmMessageController  获取到的数据:0
2024-04-02 11:29:26.611 [http-nio-8080-exec-3] INFO  com.pushpm.controller.PushPmMessageController  5;1
2024-04-02 11:29:26.611 [http-nio-8080-exec-3] INFO  com.pushpm.controller.PushPmMessageController  ;
2024-04-02 11:29:26.612 [http-nio-8080-exec-3] INFO  com.pushpm.controller.PushPmMessageController  加密后的字符串:ENUY8JPy4S/cVFuHP+ueQQ==
2024-04-02 11:29:26.612 [http-nio-8080-exec-3] INFO  com.pushpm.controller.PushPmMessageController  TlCorpRecvMsgEnity{tableName='null', did='', msgPort='null', mobile='ENUY8JPy4S/cVFuHP+ueQQ==', msgContent='null', tplId='null', startTime='', endTime='', other='null'}
2024-04-02 11:29:26.635 [http-nio-8080-exec-3] INFO  com.pushpm.controller.PushPmMessageController  获取到的数据:0
2024-04-02 12:09:35.175 [http-nio-8080-exec-6] INFO  com.pushpm.controller.PushPmMessageController  5;1
2024-04-02 12:09:35.176 [http-nio-8080-exec-6] INFO  com.pushpm.controller.PushPmMessageController  ;
2024-04-02 12:09:35.177 [http-nio-8080-exec-6] INFO  com.pushpm.controller.PushPmMessageController  加密后的字符串:ENUY8JPy4S/cVFuHP+ueQQ==
2024-04-02 12:09:35.177 [http-nio-8080-exec-6] INFO  com.pushpm.controller.PushPmMessageController  TlCorpRecvMsgEnity{tableName='null', did='', msgPort='null', mobile='ENUY8JPy4S/cVFuHP+ueQQ==', msgContent='null', tplId='null', startTime='', endTime='', other='null'}
2024-04-02 12:09:35.268 [http-nio-8080-exec-6] INFO  com.pushpm.controller.PushPmMessageController  获取到的数据:0
2024-04-02 12:13:44.225 [http-nio-8080-exec-4] INFO  com.pushpm.controller.PushPmMessageController  5;1
2024-04-02 12:13:44.226 [http-nio-8080-exec-4] INFO  com.pushpm.controller.PushPmMessageController  ;
2024-04-02 12:13:44.226 [http-nio-8080-exec-4] INFO  com.pushpm.controller.PushPmMessageController  加密后的字符串:ENUY8JPy4S/cVFuHP+ueQQ==
2024-04-02 12:13:44.226 [http-nio-8080-exec-4] INFO  com.pushpm.controller.PushPmMessageController  TlCorpRecvMsgEnity{tableName='null', did='', msgPort='null', mobile='ENUY8JPy4S/cVFuHP+ueQQ==', msgContent='null', tplId='null', startTime='', endTime='', other='null'}
2024-04-02 12:13:44.251 [http-nio-8080-exec-4] INFO  com.pushpm.controller.PushPmMessageController  获取到的数据:0
2024-04-02 12:13:45.522 [http-nio-8080-exec-10] INFO  com.pushpm.controller.PushPmMessageController  5;1
2024-04-02 12:13:45.522 [http-nio-8080-exec-10] INFO  com.pushpm.controller.PushPmMessageController  ;
2024-04-02 12:13:45.523 [http-nio-8080-exec-10] INFO  com.pushpm.controller.PushPmMessageController  加密后的字符串:ENUY8JPy4S/cVFuHP+ueQQ==
2024-04-02 12:13:45.523 [http-nio-8080-exec-10] INFO  com.pushpm.controller.PushPmMessageController  TlCorpRecvMsgEnity{tableName='null', did='', msgPort='null', mobile='ENUY8JPy4S/cVFuHP+ueQQ==', msgContent='null', tplId='null', startTime='', endTime='', other='null'}
2024-04-02 12:13:45.536 [http-nio-8080-exec-10] INFO  com.pushpm.controller.PushPmMessageController  获取到的数据:0
2024-04-02 12:39:27.739 [http-nio-8080-exec-5] INFO  com.pushpm.controller.PushPmMessageController  5;1
2024-04-02 12:39:27.739 [http-nio-8080-exec-5] INFO  com.pushpm.controller.PushPmMessageController  ;
2024-04-02 12:39:27.740 [http-nio-8080-exec-5] INFO  com.pushpm.controller.PushPmMessageController  加密后的字符串:ENUY8JPy4S/cVFuHP+ueQQ==
2024-04-02 12:39:27.740 [http-nio-8080-exec-5] INFO  com.pushpm.controller.PushPmMessageController  TlCorpRecvMsgEnity{tableName='null', did='', msgPort='null', mobile='ENUY8JPy4S/cVFuHP+ueQQ==', msgContent='null', tplId='null', startTime='', endTime='', other='null'}
2024-04-02 12:39:27.761 [http-nio-8080-exec-5] INFO  com.pushpm.controller.PushPmMessageController  获取到的数据:0
2024-04-02 12:39:28.445 [http-nio-8080-exec-2] INFO  com.pushpm.controller.PushPmMessageController  5;1
2024-04-02 12:39:28.445 [http-nio-8080-exec-2] INFO  com.pushpm.controller.PushPmMessageController  ;
2024-04-02 12:39:28.445 [http-nio-8080-exec-2] INFO  com.pushpm.controller.PushPmMessageController  加密后的字符串:ENUY8JPy4S/cVFuHP+ueQQ==
2024-04-02 12:39:28.446 [http-nio-8080-exec-2] INFO  com.pushpm.controller.PushPmMessageController  TlCorpRecvMsgEnity{tableName='null', did='', msgPort='null', mobile='ENUY8JPy4S/cVFuHP+ueQQ==', msgContent='null', tplId='null', startTime='', endTime='', other='null'}
2024-04-02 12:39:28.461 [http-nio-8080-exec-2] INFO  com.pushpm.controller.PushPmMessageController  获取到的数据:0
2024-04-02 12:39:29.510 [http-nio-8080-exec-4] INFO  com.pushpm.controller.PushPmMessageController  5;1
2024-04-02 12:39:29.511 [http-nio-8080-exec-4] INFO  com.pushpm.controller.PushPmMessageController  ;
2024-04-02 12:39:29.514 [http-nio-8080-exec-4] INFO  com.pushpm.controller.PushPmMessageController  加密后的字符串:ENUY8JPy4S/cVFuHP+ueQQ==
2024-04-02 12:39:29.514 [http-nio-8080-exec-4] INFO  com.pushpm.controller.PushPmMessageController  TlCorpRecvMsgEnity{tableName='null', did='', msgPort='null', mobile='ENUY8JPy4S/cVFuHP+ueQQ==', msgContent='null', tplId='null', startTime='', endTime='', other='null'}
2024-04-02 12:39:29.531 [http-nio-8080-exec-4] INFO  com.pushpm.controller.PushPmMessageController  获取到的数据:0
2024-04-02 12:39:36.227 [http-nio-8080-exec-10] INFO  com.pushpm.controller.PushPmMessageController  5;1
2024-04-02 12:39:36.227 [http-nio-8080-exec-10] INFO  com.pushpm.controller.PushPmMessageController  15881677315;
2024-04-02 12:39:36.228 [http-nio-8080-exec-10] INFO  com.pushpm.controller.PushPmMessageController  加密后的字符串:JXyoPIYeAinXaGLt5qMI7Q==
2024-04-02 12:39:36.228 [http-nio-8080-exec-10] INFO  com.pushpm.controller.PushPmMessageController  TlCorpRecvMsgEnity{tableName='null', did='', msgPort='null', mobile='JXyoPIYeAinXaGLt5qMI7Q==', msgContent='null', tplId='null', startTime='', endTime='', other='null'}
2024-04-02 12:39:36.289 [http-nio-8080-exec-10] INFO  com.pushpm.controller.PushPmMessageController  获取到的数据:5
2024-04-02 12:39:44.563 [http-nio-8080-exec-9] INFO  com.pushpm.controller.PushPmMessageController  selectParamsmsgPort,tplId,result
2024-04-02 12:39:44.801 [asyncServiceExecutor -1] INFO  com.pushpm.service.FileImportServiceHandle  查询完毕，共获取:7条记录
2024-04-02 12:39:44.801 [asyncServiceExecutor -1] INFO  com.pushpm.service.FileImportServiceHandle  keyresult/value000000
2024-04-02 12:39:44.801 [asyncServiceExecutor -1] INFO  com.pushpm.service.FileImportServiceHandle  keymsgPort/value1065883002
2024-04-02 12:39:44.802 [asyncServiceExecutor -1] INFO  com.pushpm.service.FileImportServiceHandle  keytplId/value20070003
2024-04-02 12:39:44.802 [asyncServiceExecutor -1] INFO  com.pushpm.service.FileImportServiceHandle  keyresult/value000000
2024-04-02 12:39:44.802 [asyncServiceExecutor -1] INFO  com.pushpm.service.FileImportServiceHandle  keymsgPort/value1065883002
2024-04-02 12:39:44.802 [asyncServiceExecutor -1] INFO  com.pushpm.service.FileImportServiceHandle  keytplId/value20070003
2024-04-02 12:39:44.802 [asyncServiceExecutor -1] INFO  com.pushpm.service.FileImportServiceHandle  keyresult/value100001
2024-04-02 12:39:44.802 [asyncServiceExecutor -1] INFO  com.pushpm.service.FileImportServiceHandle  keymsgPort/value1065883001
2024-04-02 12:39:44.802 [asyncServiceExecutor -1] INFO  com.pushpm.service.FileImportServiceHandle  keytplId/value40022
2024-04-02 12:39:44.802 [asyncServiceExecutor -1] INFO  com.pushpm.service.FileImportServiceHandle  keyresult/value000000
2024-04-02 12:39:44.802 [asyncServiceExecutor -1] INFO  com.pushpm.service.FileImportServiceHandle  keymsgPort/value1065883001
2024-04-02 12:39:44.804 [asyncServiceExecutor -1] INFO  com.pushpm.service.FileImportServiceHandle  keytplId/value40149
2024-04-02 12:39:44.805 [asyncServiceExecutor -1] INFO  com.pushpm.service.FileImportServiceHandle  keyresult/value100001
2024-04-02 12:39:44.805 [asyncServiceExecutor -1] INFO  com.pushpm.service.FileImportServiceHandle  keymsgPort/value1065883001
2024-04-02 12:39:44.805 [asyncServiceExecutor -1] INFO  com.pushpm.service.FileImportServiceHandle  keytplId/value40022
2024-04-02 12:39:44.805 [asyncServiceExecutor -1] INFO  com.pushpm.service.FileImportServiceHandle  keyresult/value100001
2024-04-02 12:39:44.805 [asyncServiceExecutor -1] INFO  com.pushpm.service.FileImportServiceHandle  keymsgPort/value1065883001
2024-04-02 12:39:44.805 [asyncServiceExecutor -1] INFO  com.pushpm.service.FileImportServiceHandle  keytplId/value40022
2024-04-02 12:39:44.805 [asyncServiceExecutor -1] INFO  com.pushpm.service.FileImportServiceHandle  keyresult/value000000
2024-04-02 12:39:44.806 [asyncServiceExecutor -1] INFO  com.pushpm.service.FileImportServiceHandle  keymsgPort/value1065883001
2024-04-02 12:39:44.806 [asyncServiceExecutor -1] INFO  com.pushpm.service.FileImportServiceHandle  keytplId/value40149
2024-04-02 12:39:44.806 [asyncServiceExecutor -1] INFO  com.pushpm.service.FileImportServiceHandle  map:7;msgPort,tplId,result
